[2016.01.07-10.17.38:034][  0]Log file open, 01/07/16 19:17:38
[2016.01.07-10.17.38:034][  0]LogInit:Display: Running engine for game: SimpleCartoonFX
[2016.01.07-10.17.38:034][  0]LogPlatformFile: Not using cached read wrapper
[2016.01.07-10.17.38:034][  0]LogInit:Display: RandInit(-548316435) SRandInit(-548316433).
[2016.01.07-10.17.38:034][  0]LogTaskGraph: Started task graph with 4 named threads and 7 total threads.
[2016.01.07-10.17.38:034][  0]LogStats: Stats thread started at 0.078197
[2016.01.07-10.17.38:034][  0]LogInit: Version: 4.10.1-2791327+++depot+UE4-Releases+4.10
[2016.01.07-10.17.38:034][  0]LogInit: API Version: 2758231
[2016.01.07-10.17.38:034][  0]LogInit: Compiled (64-bit): Dec  4 2015 19:44:40
[2016.01.07-10.17.38:034][  0]LogInit: Compiled with Visual C++: 19.00.23026.00
[2016.01.07-10.17.38:034][  0]LogInit: Build Configuration: Development
[2016.01.07-10.17.38:034][  0]LogInit: Branch Name: ++depot+UE4-Releases+4.10
[2016.01.07-10.17.38:034][  0]LogInit: Command line:  
[2016.01.07-10.17.38:034][  0]LogInit: Base directory: F:/ProgramFiles/Epic Games/Epic Games/4.10/Engine/Binaries/Win64/
[2016.01.07-10.17.38:034][  0]LogInit: Rocket: 1
[2016.01.07-10.17.38:043][  0]LogInit: Using libcurl 7.41.0
[2016.01.07-10.17.38:043][  0]LogInit:  - built for x86_64-pc-win32
[2016.01.07-10.17.38:043][  0]LogInit:  - supports SSL with WinSSL
[2016.01.07-10.17.38:043][  0]LogInit:  - other features:
[2016.01.07-10.17.38:043][  0]LogInit:      CURL_VERSION_SSL
[2016.01.07-10.17.38:043][  0]LogInit:      CURL_VERSION_IPV6
[2016.01.07-10.17.38:043][  0]LogInit:      CURL_VERSION_ASYNCHDNS
[2016.01.07-10.17.38:043][  0]LogInit:      CURL_VERSION_LARGEFILE
[2016.01.07-10.17.38:043][  0]LogInit:      CURL_VERSION_IDN
[2016.01.07-10.17.38:043][  0]LogInit:  CurlRequestOptions (configurable via config and command line):
[2016.01.07-10.17.38:043][  0]LogInit:  - bVerifyPeer = true  - Libcurl will verify peer certificate
[2016.01.07-10.17.38:043][  0]LogInit:  - bUseHttpProxy = false  - Libcurl will NOT use HTTP proxy
[2016.01.07-10.17.38:043][  0]LogInit:  - bDontReuseConnections = false  - Libcurl will reuse connections
[2016.01.07-10.17.38:043][  0]LogInit:  - CertBundlePath = nullptr  - Libcurl will use whatever was configured at build time.
[2016.01.07-10.17.38:052][  0]LogInit: Presizing for 0 objects not considered by GC, pre-allocating 0 bytes.
[2016.01.07-10.17.38:058][  0]LogInit: Object subsystem initialized
[2016.01.07-10.17.38:068][  0]LogInit: Selected Device Profile: [Windows]
[2016.01.07-10.17.38:068][  0]LogInit: Applying CVar settings loaded from the selected device profile: [Windows]
[2016.01.07-10.17.38:075][  0]LogInit: Computer: PC-PC
[2016.01.07-10.17.38:075][  0]LogInit: User: pc
[2016.01.07-10.17.38:075][  0]LogInit: CPU Page size=4096, Cores=4
[2016.01.07-10.17.38:075][  0]LogInit: High frequency timer resolution =3.312656 MHz
[2016.01.07-10.17.38:075][  0]LogMemory: Memory total: Physical=8.0GB (8GB approx)
[2016.01.07-10.17.38:075][  0]LogMemory: Platform Memory Stats for Windows
[2016.01.07-10.17.38:075][  0]LogMemory: Process Physical Memory: 57.38 MB used, 57.38 MB peak
[2016.01.07-10.17.38:075][  0]LogMemory: Process Virtual Memory: 58.41 MB used, 58.41 MB peak
[2016.01.07-10.17.38:075][  0]LogMemory: Physical Memory: 3811.07 MB used, 8157.97 MB total
[2016.01.07-10.17.38:075][  0]LogMemory: Virtual Memory: 353.01 MB used, 8388608.00 MB total
[2016.01.07-10.17.38:133][  0]LogTextLocalizationManager: No specific translations for ('ko-KR') exist, so ('ko') translations will be used.
[2016.01.07-10.17.38:164][  0]LogTextLocalizationManager:Warning: Loaded localization resources contain conflicting entries for (Namespace:UObjectToolTips, Key:AnimNode_AssetPlayerBase:InternalTimeAccumulator):
Localization Resource: (F:/ProgramFiles/Epic Games/Epic Games/4.10/Engine/Content/Localization/EditorTutorials/ko/EditorTutorials.locres) Source String Hash: (502993589) Localized String: (이 노드에서 애셋을 레퍼런싱하는 데 사용되는 누적 시간입니다.)
Localization Resource: (F:/ProgramFiles/Epic Games/Epic Games/4.10/Engine/Content/Localization/Engine/ko/Engine.locres) Source String Hash: (502993589) Localized String: (이 노드에서 애셋을 레퍼런싱하는 데 사용된 누적 시간입니다.)
[2016.01.07-10.17.38:164][  0]LogTextLocalizationManager:Warning: Loaded localization resources contain conflicting entries for (Namespace:UObjectToolTips, Key:AnimNode_AssetPlayerBase:bIgnoreForRelevancyTest):
Localization Resource: (F:/ProgramFiles/Epic Games/Epic Games/4.10/Engine/Content/Localization/EditorTutorials/ko/EditorTutorials.locres) Source String Hash: (319969718) Localized String: (True 면, 스테이트에서 최고 가중치 애니메이션을 찾는 "Relevant anim" 노드는 이 노드를 무시합니다.
 )
Localization Resource: (F:/ProgramFiles/Epic Games/Epic Games/4.10/Engine/Content/Localization/Engine/ko/Engine.locres) Source String Hash: (319969718) Localized String: (True 면 스테이트 내 최고 웨이팅된 애니메이션을 찾는 "Relevant anim" 노드가 무시됩니다.
 )
[2016.01.07-10.17.38:164][  0]LogTextLocalizationManager:Warning: Loaded localization resources contain conflicting entries for (Namespace:UObjectToolTips, Key:AnimNode_AssetPlayerBase:BlendWeight):
Localization Resource: (F:/ProgramFiles/Epic Games/Epic Games/4.10/Engine/Content/Localization/EditorTutorials/ko/EditorTutorials.locres) Source String Hash: (-1232800293) Localized String: (이 노드에 마지막 걸린 블렌드웨이트 입니다.)
Localization Resource: (F:/ProgramFiles/Epic Games/Epic Games/4.10/Engine/Content/Localization/Engine/ko/Engine.locres) Source String Hash: (-1232800293) Localized String: (이 노드에 대해 마지막 접한 블렌드 웨이트)
[2016.01.07-10.17.38:340][  0]LogD3D11RHI: Found D3D11 adapter 0: NVIDIA GeForce GTX 960 (Feature Level 11_0)
[2016.01.07-10.17.38:340][  0]LogD3D11RHI: Adapter has 1969MB of dedicated video memory, 0MB of dedicated system memory, and 2048MB of shared system memory, 2 output[s]
[2016.01.07-10.17.38:340][  0]LogD3D11RHI: Chosen D3D11 Adapter Id = 0
[2016.01.07-10.17.38:349][  0]LogD3D11RHI: !Direct3DDevice
[2016.01.07-10.17.38:349][  0]LogRHI: Texture pool is 1361 MB (70% of 1945 MB)
[2016.01.07-10.17.38:361][  0]LogD3D11RHI: Async texture creation enabled
[2016.01.07-10.17.38:376][  0]LogShaderCompilers: Guid format shader working directory is -28 characters bigger than the processId version (../../../../../../../Users/pc/Documents/SimpleCartoonFX/SimpleCartoonFX/Intermediate/Shaders/WorkingDirectory/8152/).
[2016.01.07-10.17.38:376][  0]LogShaderCompilers: Cleaned the shader compiler working directory 'C:/Users/pc/AppData/Local/Temp/UnrealShaderWorkingDir/A99D5632411BCE84EF5AC6B303AB98F4/'.
[2016.01.07-10.17.38:376][  0]LogShaderCompilers:Display: Using Local Shader Compiler.
[2016.01.07-10.17.39:444][  0]LogTemp:Display: Loaded TP AllDesktopTargetPlatform
[2016.01.07-10.17.39:450][  0]LogTemp:Display: Loaded TP WindowsClientTargetPlatform
[2016.01.07-10.17.39:456][  0]LogTemp:Display: Loaded TP WindowsNoEditorTargetPlatform
[2016.01.07-10.17.39:462][  0]LogTemp:Display: Loaded TP WindowsServerTargetPlatform
[2016.01.07-10.17.39:468][  0]LogTemp:Display: Loaded TP WindowsTargetPlatform
[2016.01.07-10.17.39:473][  0]LogTemp:Display: Loaded TP AndroidTargetPlatform
[2016.01.07-10.17.39:478][  0]LogTemp:Display: Loaded TP Android_ASTCTargetPlatform
[2016.01.07-10.17.39:482][  0]LogTemp:Display: Loaded TP Android_ATCTargetPlatform
[2016.01.07-10.17.39:486][  0]LogTemp:Display: Loaded TP Android_DXTTargetPlatform
[2016.01.07-10.17.39:491][  0]LogTemp:Display: Loaded TP Android_ETC1TargetPlatform
[2016.01.07-10.17.39:495][  0]LogTemp:Display: Loaded TP Android_ETC2TargetPlatform
[2016.01.07-10.17.39:504][  0]LogTemp:Display: Loaded TP Android_MultiTargetPlatform
[2016.01.07-10.17.39:504][  0]LogTemp:Display: Loaded TP Android_PVRTCTargetPlatform
[2016.01.07-10.17.39:506][  0]LogTemp:Display: Loaded TP HTML5TargetPlatform
[2016.01.07-10.17.39:525][  0]LogTemp:Display: Loaded TP IOSTargetPlatform
[2016.01.07-10.17.39:529][  0]LogTemp:Display: Loaded TP LinuxNoEditorTargetPlatform
[2016.01.07-10.17.39:534][  0]LogTemp:Display: Loaded TP LinuxServerTargetPlatform
[2016.01.07-10.17.39:538][  0]LogTemp:Display: Loaded TP LinuxTargetPlatform
[2016.01.07-10.17.39:538][  0]LogTargetPlatformManager:Display: Building Assets For Windows
[2016.01.07-10.17.39:647][  0]LogDerivedDataCache:Display: Max Cache Size: 512 MB
[2016.01.07-10.17.39:711][  0]LogDerivedDataCache: Loaded boot cache 0.06s 41MB C:/Users/pc/AppData/Local/UnrealEngine/4.10/DerivedDataCache/Boot.ddc.
[2016.01.07-10.17.39:711][  0]LogDerivedDataCache:Display: Loaded Boot cache: C:/Users/pc/AppData/Local/UnrealEngine/4.10/DerivedDataCache/Boot.ddc
[2016.01.07-10.17.39:711][  0]LogDerivedDataCache: FDerivedDataBackendGraph:  Pak pak cache file ../../../../../../../Users/pc/Documents/SimpleCartoonFX/SimpleCartoonFX/DerivedDataCache/DDC.ddp not found, will not use a pak cache.
[2016.01.07-10.17.39:711][  0]LogDerivedDataCache: Unable to find inner node Pak for hierarchical cache Hierarchy.
[2016.01.07-10.17.39:711][  0]LogDerivedDataCache: FDerivedDataBackendGraph:  CompressedPak pak cache file ../../../../../../../Users/pc/Documents/SimpleCartoonFX/SimpleCartoonFX/DerivedDataCache/Compressed.ddp not found, will not use a pak cache.
[2016.01.07-10.17.39:711][  0]LogDerivedDataCache: Unable to find inner node CompressedPak for hierarchical cache Hierarchy.
[2016.01.07-10.17.39:765][  0]LogDerivedDataCache:Display: Pak cache opened for reading ../../../Engine/DerivedDataCache/Compressed.ddp.
[2016.01.07-10.17.39:777][  0]LogDerivedDataCache: Using Local data cache path C:/Users/pc/AppData/Local/UnrealEngine/Common/DerivedDataCache: Writable
[2016.01.07-10.17.39:954][  0]LogInit: Selected Device Profile: [Windows]
[2016.01.07-10.17.39:954][  0]LogContentStreaming: Texture pool size is 0.000000MB
[2016.01.07-10.17.39:995][  0]LogMeshUtilities: No automatic mesh reduction module available
[2016.01.07-10.17.39:995][  0]LogMeshUtilities: No automatic mesh merging module available
[2016.01.07-10.17.40:378][  0]LogInit: WinSock: version 1.1 (2.2), MaxSocks=32767, MaxUdp=65467
[2016.01.07-10.17.41:356][  0]UdpMessaging: Initializing bridge on interface 0.0.0.0:0 to multicast group 230.0.0.1:6666.
[2016.01.07-10.17.41:462][  0]LogAssetRegistry: FAssetRegistry took 0.0098 seconds to start up
[2016.01.07-10.17.41:682][  0]SourceControl: 정보 소스 콘트롤이 꺼졌습니다.
[2016.01.07-10.17.41:683][  0]SourceControl: 정보 소스 콘트롤이 꺼졌습니다.
[2016.01.07-10.17.41:698][  0]SourceControl: 정보 소스 콘트롤이 꺼졌습니다.
[2016.01.07-10.17.41:712][  0]SourceControl: 정보 소스 콘트롤이 꺼졌습니다.
[2016.01.07-10.17.42:034][  0]LogObj: 28633 objects as part of root set at end of initial load.
[2016.01.07-10.17.42:034][  0]LogUObjectAllocator: 6099752 out of 0 bytes used by permanent object pool.
[2016.01.07-10.17.42:095][  0]LogEngine: Initializing Engine...
[2016.01.07-10.17.42:097][  0]LogHMD: Can't find Oculus library dev build: is proper Runtime installed? Version: 0.8.0.0
[2016.01.07-10.17.42:099][  0]LogHMD: SteamVR failed to initialize.  Err: 110
[2016.01.07-10.17.42:264][  0]LogAIModule: Creating AISystem for world NewWorld
[2016.01.07-10.17.42:275][  0]LogInit: XAudio2 using '스피커(Realtek High Definition Audio)' : 2 channels at 48 kHz using 32 bits per sample (channel mask 0x3)
[2016.01.07-10.17.42:304][  0]LogInit: FAudioDevice initialized.
[2016.01.07-10.17.42:335][  0]LogDerivedDataCache: Saved boot cache 0.03s 41MB C:/Users/pc/AppData/Local/UnrealEngine/4.10/DerivedDataCache/Boot.ddc.
[2016.01.07-10.17.42:340][  0]LogInit: Texture streaming: Enabled
[2016.01.07-10.17.42:349][  0]LogAnalytics: Creating configured Analytics provider AnalyticsET
[2016.01.07-10.17.42:349][  0]LogAnalytics: [UEEditor.Rocket.Release] APIServer = http://et2.epicgames.com/ET2/. AppVersion = 4.10.1-2791327+++depot+UE4-Releases+4.10
[2016.01.07-10.17.42:350][  0]LogAnalytics: [UEEditor.Rocket.Release] SetUserId c67101274cc259f6842ff9a07ae02a02|8977a1954ba841e191d29d1596cdebd2|b60cf69b-955d-4874-b122-1595cfd5dab7
[2016.01.07-10.17.42:350][  0]LogAnalytics: [UEEditor.Rocket.Release] AnalyticsET::StartSession
[2016.01.07-10.17.42:426][  0]LogInit: Transaction tracking system initialized
[2016.01.07-10.17.42:468][  0]BlueprintLog: New page: 에디터 로드
[2016.01.07-10.17.42:600][  0]LocalizationService: 정보 현지화 서비스가 비활성화되었습니다.
[2016.01.07-10.17.42:772][  0]LogConsoleResponse:Display: 
[2016.01.07-10.17.44:263][  0]LogCook:Display: Done creating registry. It took  0.00s.
[2016.01.07-10.17.44:376][  0]LogFileCache: Scanning file cache for directory 'F:/Users/pc/Documents/SimpleCartoonFX/SimpleCartoonFX/Content/' took 0.01s
[2016.01.07-10.17.44:376][  0]SourceControl: 정보 소스 콘트롤이 꺼졌습니다.
[2016.01.07-10.17.44:376][  0]Cmd: MAP LOAD FILE="../../../Engine/Content/Maps/Templates/Template_Default.umap" TEMPLATE=1 SHOWPROGRESS=1 FEATURELEVEL=3
[2016.01.07-10.17.44:402][  0]LightingResults: New page: 라이팅 빌드
[2016.01.07-10.17.44:405][  0]MapCheck: New page: 맵 체크
[2016.01.07-10.17.44:405][  0]LightingResults: New page: 라이팅 빌드
[2016.01.07-10.17.44:419][  0]LogParticles: Destroying 0 GPU particle simulations for FXSystem 0x00000000231E3740
[2016.01.07-10.17.46:304][  0]LogAIModule: Creating AISystem for world Untitled_1
[2016.01.07-10.17.46:335][  0]LogEditorServer: Finished looking for orphan Actors (0.000 secs)
[2016.01.07-10.17.46:340][  0]Cmd: MAP CHECKDEP NOCLEARLOG
[2016.01.07-10.17.46:418][  0]MapCheck: 정보 맵 체크 완료: 오류 0 회, 경고 0 회, 소요 시간 77.319ms.
[2016.01.07-10.17.46:418][  0]LogFileHelpers: Loading map 'Template_Default' took 2.042
[2016.01.07-10.17.46:939][  0]LogCrashTracker: Crashtracker disabled due to settings.
[2016.01.07-10.17.46:962][  0]LogCollectionManager: Loaded 0 collections in 0.003258 seconds
[2016.01.07-10.17.47:026][  0]LogFileCache: Scanning file cache for directory 'F:/Users/pc/Documents/SimpleCartoonFX/SimpleCartoonFX/Saved/Collections/' took 0.01s
[2016.01.07-10.17.47:026][  0]LogFileCache: Scanning file cache for directory 'F:/Users/pc/Documents/SimpleCartoonFX/SimpleCartoonFX/Content/Developers/pc/Collections/' took 0.01s
[2016.01.07-10.17.47:026][  0]LogFileCache: Scanning file cache for directory 'F:/Users/pc/Documents/SimpleCartoonFX/SimpleCartoonFX/Content/Collections/' took 0.01s
[2016.01.07-10.17.47:026][  0]LogCollectionManager: Rebuilt the GUID cache for 0 collections in 0.000002 seconds
[2016.01.07-10.17.47:036][  0]LogContentBrowser: Native class hierarchy populated in 0.0104 seconds. Added 1894 classes and 340 folders.
[2016.01.07-10.17.47:047][  0]LogContentBrowser: Native class hierarchy updated for 'WidgetCarousel' in 0.0005 seconds. Added 0 classes and 0 folders.
[2016.01.07-10.17.47:109][  0]LogContentBrowser: Native class hierarchy updated for 'AddContentDialog' in 0.0004 seconds. Added 0 classes and 0 folders.
[2016.01.07-10.17.47:113][  0]LogUObjectGlobals:Warning: 'Class 없음.' 오브젝트를 찾는 데 실패했습니다.
[2016.01.07-10.17.47:134][  0]LogLoad: Full Startup: 9.50 seconds (BP compile: 0.04 seconds)
[2016.01.07-10.17.47:145][  0]LogOcInput: Can't find Oculus library dev build: is proper Runtime installed? Version: 0.8.0.0
[2016.01.07-10.17.47:195][  0]LogContentStreaming: Texture pool size now 1000 MB
[2016.01.07-10.17.47:416][  0]LogRenderer: Reallocating scene render targets to support 1168x920 (Frame:2).
[2016.01.07-10.17.50:866][ 11]LogAssetRegistry: Asset discovery search completed in 9.4140 seconds
[2016.01.07-10.17.50:867][ 11]LogCollectionManager: Rebuilt the object cache for 0 collections in 0.000001 seconds (found 0 objects)
[2016.01.07-10.17.50:867][ 11]LogCollectionManager: Fixed up redirectors for 0 collections in 0.000041 seconds (updated 0 objects)
[2016.01.07-10.17.54:138][360]Cmd: MAP LOAD FILE="../../../../../../../Users/pc/Documents/SimpleCartoonFX/SimpleCartoonFX/Content/Maps/Effects.umap" TEMPLATE=0 SHOWPROGRESS=1 FEATURELEVEL=3
[2016.01.07-10.17.54:186][360]LightingResults: New page: 라이팅 빌드
[2016.01.07-10.17.54:204][360]LoadErrors: New page: 맵 로드중: Effects.umap
[2016.01.07-10.17.54:205][360]MapCheck: New page: 맵 체크
[2016.01.07-10.17.54:205][360]LightingResults: New page: 라이팅 빌드
[2016.01.07-10.17.54:217][360]LogParticles: Destroying 0 GPU particle simulations for FXSystem 0x0000000019124CC0
[2016.01.07-10.17.54:625][360]LogBlueprint:Warning: [compiler PlayerCharacter] 경고 입력 축 이벤트가  MoveRight 입력 축  에 대한 미확인 'MoveRight' 축을 레퍼런싱합니다.
[2016.01.07-10.17.54:626][360]LogBlueprint:Warning: [compiler PlayerCharacter] 경고 입력 축 이벤트가  MoveForward 입력 축  에 대한 미확인 'MoveForward' 축을 레퍼런싱합니다.
[2016.01.07-10.17.54:626][360]LogBlueprint:Warning: [compiler PlayerCharacter] 경고 입력 축 이벤트가  LookUp 입력 축  에 대한 미확인 'LookUp' 축을 레퍼런싱합니다.
[2016.01.07-10.17.54:626][360]LogBlueprint:Warning: [compiler PlayerCharacter] 경고 입력 축 이벤트가  Turn 입력 축  에 대한 미확인 'Turn' 축을 레퍼런싱합니다.
[2016.01.07-10.17.54:639][360]LogBlueprint:Warning: [compiler PlayerCharacter] 경고 [0017.00] PlayerCharacter 컴파일에 성공했으나, 경고가 4 회 있습니다. [소요시간 20 ms]
[2016.01.07-10.17.54:639][360]LogBlueprint:Warning: [compiler PlayerCharacter] 경고 [0017.00] PlayerCharacter 컴파일에 성공했으나, 경고가 5 회 있습니다. [소요시간 0 ms]
[2016.01.07-10.17.54:639][360]LogBlueprint:Warning: [compiler PlayerCharacter] 경고 [0017.00] PlayerCharacter 컴파일에 성공했으나, 경고가 6 회 있습니다. [소요시간 0 ms]
[2016.01.07-10.17.54:653][360]LogBlueprint:Warning: [compiler PlayerCharacter] 경고 입력 축 이벤트가  MoveRight 입력 축  에 대한 미확인 'MoveRight' 축을 레퍼런싱합니다.
[2016.01.07-10.17.54:653][360]LogBlueprint:Warning: [compiler PlayerCharacter] 경고 입력 축 이벤트가  MoveForward 입력 축  에 대한 미확인 'MoveForward' 축을 레퍼런싱합니다.
[2016.01.07-10.17.54:654][360]LogBlueprint:Warning: [compiler PlayerCharacter] 경고 입력 축 이벤트가  LookUp 입력 축  에 대한 미확인 'LookUp' 축을 레퍼런싱합니다.
[2016.01.07-10.17.54:654][360]LogBlueprint:Warning: [compiler PlayerCharacter] 경고 입력 축 이벤트가  Turn 입력 축  에 대한 미확인 'Turn' 축을 레퍼런싱합니다.
[2016.01.07-10.17.54:668][360]LogBlueprint:Warning: [compiler PlayerCharacter] 경고 [0017.03] PlayerCharacter 컴파일에 성공했으나, 경고가 4 회 있습니다. [소요시간 21 ms]
[2016.01.07-10.17.54:668][360]LogBlueprint:Warning: [compiler PlayerCharacter] 경고 [0017.03] PlayerCharacter 컴파일에 성공했으나, 경고가 5 회 있습니다. [소요시간 0 ms]
[2016.01.07-10.17.54:668][360]LogBlueprint:Warning: [compiler PlayerCharacter] 경고 [0017.03] PlayerCharacter 컴파일에 성공했으나, 경고가 6 회 있습니다. [소요시간 0 ms]
[2016.01.07-10.17.55:509][360]LogMaterial: Missing cached shader map for material M_DemoWall, compiling. 
[2016.01.07-10.17.55:548][360]LogStaticMesh: SM_SliderBase 스태틱 메시 빌드중...
[2016.01.07-10.17.55:553][360]LogStaticMesh: Built static mesh [0.005322.2s] /Game/DemoRoom/Meshes/SM_SliderBase.SM_SliderBase
[2016.01.07-10.17.55:557][360]LogStaticMesh: SM_Slider1 스태틱 메시 빌드중...
[2016.01.07-10.17.55:588][360]LogStaticMesh: Built static mesh [0.030986.2s] /Game/DemoRoom/Meshes/SM_Slider1.SM_Slider1
[2016.01.07-10.17.55:999][360]LogMaterial: Missing cached shader map for material M_Arrows, compiling. 
[2016.01.07-10.17.56:045][360]LogTexture:Display: 텍스처 빌드중: HQ_Lightmap0_1 (AutoDXT)
[2016.01.07-10.17.57:021][360]LogTexture:Display: 텍스처 빌드중: HQ_Lightmap0_2 (AutoDXT)
[2016.01.07-10.17.57:980][360]LogTexture:Display: 텍스처 빌드중: HQ_Lightmap0_3 (AutoDXT)
[2016.01.07-10.17.58:946][360]LogTexture:Display: 텍스처 빌드중: HQ_Lightmap0_4 (AutoDXT)
[2016.01.07-10.18.00:003][360]LogTexture:Display: 텍스처 빌드중: HQ_Lightmap0_5 (AutoDXT)
[2016.01.07-10.18.00:723][360]LogTexture:Display: 텍스처 빌드중: HQ_Lightmap0_6 (AutoDXT)
[2016.01.07-10.18.01:410][360]LogTexture:Display: 텍스처 빌드중: HQ_Lightmap0_7 (AutoDXT)
[2016.01.07-10.18.01:538][360]LogTexture:Display: 텍스처 빌드중: HQ_Lightmap0_8 (AutoDXT)
[2016.01.07-10.18.01:699][360]LogTexture:Display: 텍스처 빌드중: LQ_Lightmap_0_1 (DXT1)
[2016.01.07-10.18.02:218][360]LogTexture:Display: 텍스처 빌드중: LQ_Lightmap_0_2 (DXT1)
[2016.01.07-10.18.02:690][360]LogTexture:Display: 텍스처 빌드중: LQ_Lightmap_0_3 (DXT1)
[2016.01.07-10.18.03:164][360]LogTexture:Display: 텍스처 빌드중: LQ_Lightmap_0_4 (DXT1)
[2016.01.07-10.18.03:621][360]LogTexture:Display: 텍스처 빌드중: LQ_Lightmap_0_5 (DXT1)
[2016.01.07-10.18.03:947][360]LogTexture:Display: 텍스처 빌드중: LQ_Lightmap_0_6 (DXT1)
[2016.01.07-10.18.04:214][360]LogTexture:Display: 텍스처 빌드중: LQ_Lightmap_0_7 (DXT1)
[2016.01.07-10.18.04:264][360]LogTexture:Display: 텍스처 빌드중: LQ_Lightmap_0_8 (DXT1)
[2016.01.07-10.18.04:318][360]LogStaticMesh: SM_Base 스태틱 메시 빌드중...
[2016.01.07-10.18.04:480][360]LogStaticMesh: Built static mesh [0.162666.2s] /Game/DemoRoom/Meshes/SM_Base.SM_Base
[2016.01.07-10.18.04:607][360]LogTexture:Display: 텍스처 빌드중: T_soft_smoke (AutoDXT)
[2016.01.07-10.18.05:077][360]LogMaterial: Missing cached shader map for material M_smoke_subUV_blackbody, compiling. 
[2016.01.07-10.18.05:118][360]LogMaterial: Missing cached shader map for material M_smoke_subUV, compiling. 
[2016.01.07-10.18.05:144][360]LogTexture:Display: 텍스처 빌드중: T_SmokeTile (AutoDXT)
[2016.01.07-10.18.05:249][360]LogTexture:Display: 텍스처 빌드중: T_SmokeTile_N (BC5)
[2016.01.07-10.18.05:293][360]LogMaterial: Missing cached shader map for material M_ribbon_smoke, compiling. 
[2016.01.07-10.18.05:303][360]LogMaterial: Missing cached shader map for material M_radial_ramp, compiling. 
[2016.01.07-10.18.05:364][360]LogTexture:Display: 텍스처 빌드중: ShadowMapTexture2D_10 (BGRA8)
[2016.01.07-10.18.05:598][360]LogTexture:Display: 텍스처 빌드중: ShadowMapTexture2D_11 (BGRA8)
[2016.01.07-10.18.05:645][360]LogTexture:Display: 텍스처 빌드중: ShadowMapTexture2D_12 (BGRA8)
[2016.01.07-10.18.05:713][360]LogTexture:Display: 텍스처 빌드중: ShadowMapTexture2D_7 (BGRA8)
[2016.01.07-10.18.05:963][360]LogTexture:Display: 텍스처 빌드중: ShadowMapTexture2D_8 (BGRA8)
[2016.01.07-10.18.06:188][360]LogTexture:Display: 텍스처 빌드중: ShadowMapTexture2D_9 (BGRA8)
[2016.01.07-10.18.06:654][360]LogStaticMesh: SM_NamePlate 스태틱 메시 빌드중...
[2016.01.07-10.18.06:658][360]LogStaticMesh: Built static mesh [0.004969.2s] /Game/DemoRoom/Meshes/SM_NamePlate.SM_NamePlate
[2016.01.07-10.18.06:661][360]LogStaticMesh: SM_DemoRoomU 스태틱 메시 빌드중...
[2016.01.07-10.18.06:676][360]LogStaticMesh: Built static mesh [0.014942.2s] /Game/DemoRoom/Meshes/SM_DemoRoomU.SM_DemoRoomU
[2016.01.07-10.18.06:684][360]LogStaticMesh: SM_URoom_Wall 스태틱 메시 빌드중...
[2016.01.07-10.18.06:687][360]LogStaticMesh: Built static mesh [0.002640.2s] /Game/DemoRoom/Meshes/SM_URoom_Wall.SM_URoom_Wall
[2016.01.07-10.18.06:691][360]LogStaticMesh: SM_DemoRoomTrim 스태틱 메시 빌드중...
[2016.01.07-10.18.06:814][360]LogStaticMesh: Built static mesh [0.123863.2s] /Game/DemoRoom/Meshes/SM_DemoRoomTrim.SM_DemoRoomTrim
[2016.01.07-10.18.06:870][360]LogStaticMesh: SM_DemoRoomL 스태틱 메시 빌드중...
[2016.01.07-10.18.06:879][360]LogStaticMesh: Built static mesh [0.008970.2s] /Game/DemoRoom/Meshes/SM_DemoRoomL.SM_DemoRoomL
[2016.01.07-10.18.06:886][360]LogStaticMesh: SM_DemoRoomClamp2 스태틱 메시 빌드중...
[2016.01.07-10.18.06:958][360]LogStaticMesh: Built static mesh [0.072924.2s] /Game/DemoRoom/Meshes/SM_DemoRoomClamp2.SM_DemoRoomClamp2
[2016.01.07-10.18.07:033][360]LogStaticMesh: SM_BaseRoom 스태틱 메시 빌드중...
[2016.01.07-10.18.07:233][360]LogStaticMesh: Built static mesh [0.200338.2s] /Game/DemoRoom/Meshes/SM_BaseRoom.SM_BaseRoom
[2016.01.07-10.18.07:297][360]LogStaticMesh: SM_Base_FlatWall 스태틱 메시 빌드중...
[2016.01.07-10.18.07:301][360]LogStaticMesh: Built static mesh [0.005052.2s] /Game/DemoRoom/Meshes/SM_Base_FlatWall.SM_Base_FlatWall
[2016.01.07-10.18.07:306][360]LogStaticMesh: SM_Base2 스태틱 메시 빌드중...
[2016.01.07-10.18.07:363][360]LogStaticMesh: Built static mesh [0.056827.2s] /Game/DemoRoom/Meshes/SM_Base2.SM_Base2
[2016.01.07-10.18.07:381][360]LogMaterial: Missing cached shader map for material DefaultTextMaterialTranslucentUnlit, compiling. 
[2016.01.07-10.18.08:182][360]LogTexture:Display: 텍스처 빌드중: T_RoomTiles_N (BC5)
[2016.01.07-10.18.08:892][360]LogTexture:Display: 텍스처 빌드중: T_RoomTiles_M (DXT1)
[2016.01.07-10.18.09:854][360]LogMaterial: Missing cached shader map for material M_DemoRoomTiles, compiling. 
[2016.01.07-10.18.09:874][360]LogTexture:Display: 텍스처 빌드중: T_Crosshair_M (AutoDXT)
[2016.01.07-10.18.09:884][360]LogMaterial: Missing cached shader map for material M_Crosshair, compiling. 
[2016.01.07-10.18.09:962][360]LogTexture:Display: 텍스처 빌드중: T_UnrealEngineDecal (DXT1)
[2016.01.07-10.18.10:186][360]LogStaticMesh: SM_Button_Base 스태틱 메시 빌드중...
[2016.01.07-10.18.10:199][360]LogStaticMesh: Built static mesh [0.014152.2s] /Game/ExampleContent/Blueprints/Meshes/SM_Button_Base.SM_Button_Base
[2016.01.07-10.18.10:208][360]LogMaterial: Missing cached shader map for material M_Orange_Shiny, compiling. 
[2016.01.07-10.18.10:236][360]LogStaticMesh: SM_Button 스태틱 메시 빌드중...
[2016.01.07-10.18.10:239][360]LogStaticMesh: Built static mesh [0.003861.2s] /Game/ExampleContent/Blueprints/Meshes/SM_Button.SM_Button
[2016.01.07-10.18.10:242][360]LogStaticMesh: SM_URoom_Wall2 스태틱 메시 빌드중...
[2016.01.07-10.18.10:243][360]LogStaticMesh: Built static mesh [0.000898.2s] /Game/DemoRoom/Meshes/SM_URoom_Wall2.SM_URoom_Wall2
[2016.01.07-10.18.10:244][360]LogPhysics:Warning: PHYSX: ..\..\PhysXCooking\src\convex\ConvexHullBuilder.cpp (1116) 32 : ConvexHullBuilder::CreateTrianglesFromPolygons: convex hull has a polygon with less than 3 vertices!
[2016.01.07-10.18.10:244][360]LogPhysics:Warning: PHYSX: ..\..\PhysXCooking\src\convex\ConvexMeshBuilder.cpp (253) 32 : Gu::ConvexMesh::loadConvexHull: convex hull init failed! Try to use the PxConvexFlag::eINFLATE_CONVEX flag. (see PxToolkit::createConvexMeshSafe)
[2016.01.07-10.18.10:244][360]LogPhysics:Warning: Failed to cook convex: /Game/DemoRoom/Meshes/SM_URoom_Wall2.SM_URoom_Wall2 0 (FlipX:1). The remaining elements will not get cooked.
[2016.01.07-10.18.10:248][360]LogMaterial: Missing cached shader map for material M_LightTube, compiling. 
[2016.01.07-10.18.10:254][360]LogStaticMesh: SM_DemoRoomClamp 스태틱 메시 빌드중...
[2016.01.07-10.18.10:323][360]LogStaticMesh: Built static mesh [0.069226.2s] /Game/DemoRoom/Meshes/SM_DemoRoomClamp.SM_DemoRoomClamp
[2016.01.07-10.18.10:337][360]LogStaticMesh: SM_DemoRoomBackWall2 스태틱 메시 빌드중...
[2016.01.07-10.18.10:338][360]LogStaticMesh: Built static mesh [0.000920.2s] /Game/DemoRoom/Meshes/SM_DemoRoomBackWall2.SM_DemoRoomBackWall2
[2016.01.07-10.18.10:339][360]LogStaticMesh: SM_DemoRoomBackWall 스태틱 메시 빌드중...
[2016.01.07-10.18.10:340][360]LogStaticMesh: Built static mesh [0.000796.2s] /Game/DemoRoom/Meshes/SM_DemoRoomBackWall.SM_DemoRoomBackWall
[2016.01.07-10.18.10:343][360]LogStaticMesh: SM_DemoDivider_2 스태틱 메시 빌드중...
[2016.01.07-10.18.10:364][360]LogStaticMesh: Built static mesh [0.020609.2s] /Game/DemoRoom/Meshes/SM_DemoDivider_2.SM_DemoDivider_2
[2016.01.07-10.18.10:372][360]LogStaticMesh: SM_DemoDivider_1 스태틱 메시 빌드중...
[2016.01.07-10.18.10:396][360]LogStaticMesh: Built static mesh [0.023798.2s] /Game/DemoRoom/Meshes/SM_DemoDivider_1.SM_DemoDivider_1
[2016.01.07-10.18.10:409][360]LogMaterial: Missing cached shader map for material M_Glass, compiling. 
[2016.01.07-10.18.10:424][360]LogMaterial: Missing cached shader map for material M_Glass, compiling. 
[2016.01.07-10.18.10:547][360]LogTexture:Display: 텍스처 빌드중: T_Pattern_M (AutoDXT)
[2016.01.07-10.18.11:419][360]LogMaterial: Missing cached shader map for material M_DemoWallPattern, compiling. 
[2016.01.07-10.18.11:433][360]LogMaterial: Missing cached shader map for material M_DemoWallPattern, compiling. 
[2016.01.07-10.18.11:448][360]LogMaterial: Missing cached shader map for material M_DemoWallPattern, compiling. 
[2016.01.07-10.18.13:969][360]LogStaticMesh: SM_DemoRoomTrimAdd 스태틱 메시 빌드중...
[2016.01.07-10.18.14:034][360]LogStaticMesh: Built static mesh [0.065646.2s] /Game/DemoRoom/Meshes/SM_DemoRoomTrimAdd.SM_DemoRoomTrimAdd
[2016.01.07-10.18.14:052][360]LogStaticMesh: SM_DemoRoomLTrim 스태틱 메시 빌드중...
[2016.01.07-10.18.14:053][360]LogStaticMesh: Built static mesh [0.000795.2s] /Game/DemoRoom/Meshes/SM_DemoRoomLTrim.SM_DemoRoomLTrim
[2016.01.07-10.18.14:057][360]LogStaticMesh: SM_DemoRoomTrim2 스태틱 메시 빌드중...
[2016.01.07-10.18.14:164][360]LogStaticMesh: Built static mesh [0.107401.2s] /Game/DemoRoom/Meshes/SM_DemoRoomTrim2.SM_DemoRoomTrim2
[2016.01.07-10.18.14:202][360]LogStaticMesh: SM_DemoRoomU_Hole 스태틱 메시 빌드중...
[2016.01.07-10.18.14:231][360]LogStaticMesh: Built static mesh [0.028711.2s] /Game/DemoRoom/Meshes/SM_DemoRoomU_Hole.SM_DemoRoomU_Hole
[2016.01.07-10.18.14:242][360]LogStaticMesh: SM_DemoRoomU2 스태틱 메시 빌드중...
[2016.01.07-10.18.14:261][360]LogStaticMesh: Built static mesh [0.019497.2s] /Game/DemoRoom/Meshes/SM_DemoRoomU2.SM_DemoRoomU2
[2016.01.07-10.18.14:275][360]LogTexture:Display: 텍스처 빌드중: ThumbnailTexture (DXT1)
[2016.01.07-10.18.14:355][360]LogMaterial: Missing cached shader map for material M_light_function, compiling. 
[2016.01.07-10.18.14:382][360]LogTexture:Display: 텍스처 빌드중: ThumbnailTexture (DXT1)
[2016.01.07-10.18.14:452][360]LogTexture:Display: 텍스처 빌드중: ThumbnailTexture (DXT1)
[2016.01.07-10.18.14:551][360]LogTexture:Display: 텍스처 빌드중: ThumbnailTexture (DXT1)
[2016.01.07-10.18.14:612][360]LogTexture:Display: 텍스처 빌드중: ThumbnailTexture (DXT1)
[2016.01.07-10.18.14:728][360]LogStaticMesh: SM_GraphFrame 스태틱 메시 빌드중...
[2016.01.07-10.18.14:731][360]LogStaticMesh: Built static mesh [0.003734.2s] /Game/DemoRoom/Meshes/SM_GraphFrame.SM_GraphFrame
[2016.01.07-10.18.15:260][360]LogAIModule: Creating AISystem for world Effects
[2016.01.07-10.18.15:285][360]LogScript:Warning: Attempted to get an item from array RoomNames out of bounds [0/0]!
[2016.01.07-10.18.15:354][360]LogEditorServer: Finished looking for orphan Actors (0.000 secs)
[2016.01.07-10.18.15:406][360]Cmd: MAP CHECKDEP NOCLEARLOG
[2016.01.07-10.18.15:590][360]MapCheck: 정보 맵 체크 완료: 오류 0 회, 경고 0 회, 소요 시간 183.461ms.
[2016.01.07-10.18.15:590][360]LogFileHelpers: Loading map 'Effects' took 21.454
[2016.01.07-10.18.28:911][486]LogEditorViewport: Clicking on Actor (LMB): BP_DemoDisplay_C (SM_Base_8)
[2016.01.07-10.18.32:080][641]Cmd: DELETE
[2016.01.07-10.18.32:080][641]Cmd: ACTOR DELETE
[2016.01.07-10.18.32:086][641]LogEditorActor: Deleted Actor: BP_DemoDisplay_C
[2016.01.07-10.18.32:230][641]LogEditorActor: Deleted 1 Actors (0.149 secs)
[2016.01.07-10.18.32:374][651]LogEditorViewport: Clicking on Actor (LMB): SphereReflectionCapture (SphereReflectionCapture6)
[2016.01.07-10.18.33:044][679]Cmd: DELETE
[2016.01.07-10.18.33:044][679]Cmd: ACTOR DELETE
[2016.01.07-10.18.33:046][679]LogEditorActor: Deleted Actor: SphereReflectionCapture
[2016.01.07-10.18.33:077][679]LogEditorActor: Deleted 1 Actors (0.033 secs)
[2016.01.07-10.18.33:261][691]LogEditorViewport: Clicking on Actor (LMB): BP_DemoRoom_C (BP_DemoRoom)
[2016.01.07-10.18.33:655][709]LogEditorViewport: Clicking on Actor (LMB): Emitter (P_lit_steam_7)
[2016.01.07-10.18.34:272][737]Cmd: DELETE
[2016.01.07-10.18.34:272][737]Cmd: ACTOR DELETE
[2016.01.07-10.18.34:274][737]LogEditorActor: Deleted Actor: Emitter
[2016.01.07-10.18.34:309][737]LogEditorActor: Deleted 1 Actors (0.036 secs)
[2016.01.07-10.18.34:605][761]LogEditorViewport: Clicking on Actor (LMB): PointLight (PointLight1)
[2016.01.07-10.18.34:850][769]Cmd: DELETE
[2016.01.07-10.18.34:850][769]Cmd: ACTOR DELETE
[2016.01.07-10.18.34:851][769]LogEditorActor: Deleted Actor: PointLight
[2016.01.07-10.18.34:886][769]LogEditorActor: Deleted 1 Actors (0.036 secs)
[2016.01.07-10.18.35:365][808]LogEditorViewport: Clicking on Actor (LMB): PointLight (PointLight4)
[2016.01.07-10.18.37:528][947]Cmd: TRANSACTION UNDO
[2016.01.07-10.18.37:528][947]LogEditorTransaction: Undo 액터 클릭
[2016.01.07-10.18.37:791][962]Cmd: TRANSACTION UNDO
[2016.01.07-10.18.37:791][962]LogEditorTransaction: Undo 액터 삭제
[2016.01.07-10.18.38:193][979]Cmd: TRANSACTION UNDO
[2016.01.07-10.18.38:193][979]LogEditorTransaction: Undo 액터 클릭
[2016.01.07-10.18.38:538][  3]Cmd: TRANSACTION UNDO
[2016.01.07-10.18.38:538][  3]LogEditorTransaction: Undo 액터 삭제
[2016.01.07-10.18.38:973][ 23]Cmd: TRANSACTION UNDO
[2016.01.07-10.18.38:973][ 23]LogEditorTransaction: Undo 액터 클릭
[2016.01.07-10.18.39:360][ 44]Cmd: TRANSACTION UNDO
[2016.01.07-10.18.39:360][ 44]LogEditorTransaction: Undo 액터 클릭
[2016.01.07-10.18.39:736][ 69]Cmd: TRANSACTION UNDO
[2016.01.07-10.18.39:736][ 69]LogEditorTransaction: Undo 액터 삭제
[2016.01.07-10.18.40:147][ 88]Cmd: TRANSACTION UNDO
[2016.01.07-10.18.40:147][ 88]LogEditorTransaction: Undo 액터 클릭
[2016.01.07-10.18.40:587][115]Cmd: TRANSACTION UNDO
[2016.01.07-10.18.40:587][115]LogEditorTransaction: Undo 액터 삭제
[2016.01.07-10.18.40:872][127]Cmd: TRANSACTION UNDO
[2016.01.07-10.18.40:872][127]LogEditorTransaction: Undo 액터 클릭
[2016.01.07-10.18.41:780][184]LogEditorViewport: Clicking on Actor (LMB): SphereReflectionCapture (SphereReflectionCapture6)
[2016.01.07-10.18.42:540][224]Cmd: DELETE
[2016.01.07-10.18.42:540][224]Cmd: ACTOR DELETE
[2016.01.07-10.18.42:542][224]LogEditorActor: Deleted Actor: SphereReflectionCapture
[2016.01.07-10.18.42:578][224]LogEditorActor: Deleted 1 Actors (0.039 secs)
[2016.01.07-10.18.42:870][242]LogEditorViewport: Clicking on Actor (LMB): Emitter (P_lit_steam_7)
[2016.01.07-10.18.43:157][254]Cmd: DELETE
[2016.01.07-10.18.43:157][254]Cmd: ACTOR DELETE
[2016.01.07-10.18.43:159][254]LogEditorActor: Deleted Actor: Emitter
[2016.01.07-10.18.43:193][254]LogEditorActor: Deleted 1 Actors (0.036 secs)
[2016.01.07-10.18.43:941][303]LogEditorViewport: Clicking on Actor (LMB): PointLight (PointLight1)
[2016.01.07-10.18.44:370][326]Cmd: DELETE
[2016.01.07-10.18.44:370][326]Cmd: ACTOR DELETE
[2016.01.07-10.18.44:372][326]LogEditorActor: Deleted Actor: PointLight
[2016.01.07-10.18.44:408][326]LogEditorActor: Deleted 1 Actors (0.038 secs)
[2016.01.07-10.18.44:835][362]LogEditorViewport: Clicking on Actor (LMB): PointLight (PointLight4)
[2016.01.07-10.18.45:232][383]Cmd: DELETE
[2016.01.07-10.18.45:232][383]Cmd: ACTOR DELETE
[2016.01.07-10.18.45:233][383]LogEditorActor: Deleted Actor: PointLight
[2016.01.07-10.18.45:267][383]LogEditorActor: Deleted 1 Actors (0.035 secs)
[2016.01.07-10.18.45:669][419]LogEditorViewport: Clicking on Actor (LMB): BP_DemoDisplay_C (SM_Base_6)
[2016.01.07-10.18.46:232][453]LogEditorViewport: Clicking on Actor (LMB): DocumentationActor (Effects Lit particle reacting to lights Doc)
[2016.01.07-10.18.46:528][472]Cmd: DELETE
[2016.01.07-10.18.46:528][472]Cmd: ACTOR DELETE
[2016.01.07-10.18.46:530][472]LogEditorActor: Deleted Actor: DocumentationActor
[2016.01.07-10.18.46:560][472]LogEditorActor: Deleted 1 Actors (0.032 secs)
[2016.01.07-10.18.48:504][635]LogEditorViewport: Clicking on Actor (LMB): SphereReflectionCapture (SphereReflectionCapture8)
[2016.01.07-10.18.48:946][658]Cmd: DELETE
[2016.01.07-10.18.48:946][658]Cmd: ACTOR DELETE
[2016.01.07-10.18.48:947][658]LogEditorActor: Deleted Actor: SphereReflectionCapture
[2016.01.07-10.18.48:980][658]LogEditorActor: Deleted 1 Actors (0.034 secs)
[2016.01.07-10.18.49:422][697]LogEditorViewport: Clicking on Actor (LMB): Emitter (P_Ribbon_trails_7)
[2016.01.07-10.18.49:761][714]Cmd: DELETE
[2016.01.07-10.18.49:761][714]Cmd: ACTOR DELETE
[2016.01.07-10.18.49:763][714]LogEditorActor: Deleted Actor: Emitter
[2016.01.07-10.18.49:800][714]LogEditorActor: Deleted 1 Actors (0.039 secs)
[2016.01.07-10.18.50:096][739]LogEditorViewport: Clicking on Actor (LMB): DocumentationActor (Effects Ribbon trials Doc)
[2016.01.07-10.18.50:631][779]Cmd: DELETE
[2016.01.07-10.18.50:631][779]Cmd: ACTOR DELETE
[2016.01.07-10.18.50:633][779]LogEditorActor: Deleted Actor: DocumentationActor
[2016.01.07-10.18.50:667][779]LogEditorActor: Deleted 1 Actors (0.035 secs)
[2016.01.07-10.18.52:815][966]LogEditorViewport: Clicking on Actor (LMB): SphereReflectionCapture (SphereReflectionCapture7)
[2016.01.07-10.18.53:263][993]Cmd: DELETE
[2016.01.07-10.18.53:263][993]Cmd: ACTOR DELETE
[2016.01.07-10.18.53:264][993]LogEditorActor: Deleted Actor: SphereReflectionCapture
[2016.01.07-10.18.53:298][993]LogEditorActor: Deleted 1 Actors (0.035 secs)
[2016.01.07-10.18.53:927][ 46]LogEditorViewport: Clicking on Actor (LMB): DocumentationActor (Effects Event-driven spawn Doc)
[2016.01.07-10.18.54:283][ 70]Cmd: DELETE
[2016.01.07-10.18.54:283][ 70]Cmd: ACTOR DELETE
[2016.01.07-10.18.54:285][ 70]LogEditorActor: Deleted Actor: DocumentationActor
[2016.01.07-10.18.54:313][ 70]LogEditorActor: Deleted 1 Actors (0.030 secs)
[2016.01.07-10.18.54:740][103]LogEditorViewport: Clicking on Actor (LMB): Emitter (P_spawn_events_7)
[2016.01.07-10.18.55:144][125]Cmd: DELETE
[2016.01.07-10.18.55:144][125]Cmd: ACTOR DELETE
[2016.01.07-10.18.55:145][125]LogEditorActor: Deleted Actor: Emitter
[2016.01.07-10.18.55:181][125]LogEditorActor: Deleted 1 Actors (0.037 secs)
[2016.01.07-10.18.57:111][286]LogEditorViewport: Clicking on Actor (LMB): SphereReflectionCapture (SphereReflectionCapture12)
[2016.01.07-10.18.57:349][296]Cmd: DELETE
[2016.01.07-10.18.57:349][296]Cmd: ACTOR DELETE
[2016.01.07-10.18.57:351][296]LogEditorActor: Deleted Actor: SphereReflectionCapture
[2016.01.07-10.18.57:382][296]LogEditorActor: Deleted 1 Actors (0.033 secs)
[2016.01.07-10.18.57:773][329]LogEditorViewport: Clicking on Actor (LMB): DocumentationActor (Effects Black Body Node (Dynamic Parameter Control) Doc)
[2016.01.07-10.18.58:280][366]Cmd: DELETE
[2016.01.07-10.18.58:280][366]Cmd: ACTOR DELETE
[2016.01.07-10.18.58:282][366]LogEditorActor: Deleted Actor: DocumentationActor
[2016.01.07-10.18.58:319][366]LogEditorActor: Deleted 1 Actors (0.038 secs)
[2016.01.07-10.18.58:630][396]LogEditorViewport: Clicking on Actor (LMB): Emitter (P_black_body_4)
[2016.01.07-10.18.59:234][439]Cmd: DELETE
[2016.01.07-10.18.59:234][439]Cmd: ACTOR DELETE
[2016.01.07-10.18.59:235][439]LogEditorActor: Deleted Actor: Emitter
[2016.01.07-10.18.59:256][439]LogEditorActor: Deleted 1 Actors (0.023 secs)
[2016.01.07-10.19.01:292][637]LogEditorViewport: Clicking on Actor (LMB): Emitter (P_vectorfield2)
[2016.01.07-10.19.01:651][669]Cmd: DELETE
[2016.01.07-10.19.01:651][669]Cmd: ACTOR DELETE
[2016.01.07-10.19.01:652][669]LogEditorActor: Deleted Actor: Emitter
[2016.01.07-10.19.01:672][669]LogEditorActor: Deleted 1 Actors (0.021 secs)
[2016.01.07-10.19.02:034][708]LogEditorViewport: Clicking on Actor (LMB): DocumentationActor (Effects Global Vector Field Doc)
[2016.01.07-10.19.02:259][727]Cmd: DELETE
[2016.01.07-10.19.02:259][727]Cmd: ACTOR DELETE
[2016.01.07-10.19.02:260][727]LogEditorActor: Deleted Actor: DocumentationActor
[2016.01.07-10.19.02:282][727]LogEditorActor: Deleted 1 Actors (0.023 secs)
[2016.01.07-10.19.02:693][771]LogEditorViewport: Clicking on Actor (LMB): SphereReflectionCapture (SphereReflectionCapture14)
[2016.01.07-10.19.02:937][790]Cmd: DELETE
[2016.01.07-10.19.02:937][790]Cmd: ACTOR DELETE
[2016.01.07-10.19.02:938][790]LogEditorActor: Deleted Actor: SphereReflectionCapture
[2016.01.07-10.19.02:957][790]LogEditorActor: Deleted 1 Actors (0.020 secs)
[2016.01.07-10.19.05:207][ 29]LogEditorViewport: Clicking on Actor (LMB): Emitter (P_vectorfield)
[2016.01.07-10.19.05:636][ 68]Cmd: DELETE
[2016.01.07-10.19.05:637][ 68]Cmd: ACTOR DELETE
[2016.01.07-10.19.05:638][ 68]LogEditorActor: Deleted Actor: Emitter
[2016.01.07-10.19.05:657][ 68]LogEditorActor: Deleted 1 Actors (0.021 secs)
[2016.01.07-10.19.06:054][111]LogEditorViewport: Clicking on Actor (LMB): DocumentationActor (Effects Local Vector Field Doc)
[2016.01.07-10.19.06:255][127]Cmd: DELETE
[2016.01.07-10.19.06:255][127]Cmd: ACTOR DELETE
[2016.01.07-10.19.06:256][127]LogEditorActor: Deleted Actor: DocumentationActor
[2016.01.07-10.19.06:274][127]LogEditorActor: Deleted 1 Actors (0.020 secs)
[2016.01.07-10.19.06:931][199]LogEditorViewport: Clicking on Actor (LMB): VectorFieldVolume (VectorFieldVolume1)
[2016.01.07-10.19.07:454][241]Cmd: DELETE
[2016.01.07-10.19.07:454][241]Cmd: ACTOR DELETE
[2016.01.07-10.19.07:455][241]LogEditorActor: Deleted Actor: VectorFieldVolume
[2016.01.07-10.19.07:475][241]LogEditorActor: Deleted 1 Actors (0.021 secs)
[2016.01.07-10.19.09:021][408]LogEditorViewport: Clicking on Actor (LMB): BP_DemoDisplay_C (SM_Base_11)
[2016.01.07-10.19.12:376][779]LogEditorViewport: Clicking on Actor (LMB): BP_DemoDisplay_C (SM_Base_12)
[2016.01.07-10.19.16:568][233]LogEditorViewport: Clicking on Actor (LMB): BP_DemoDisplay_C (SM_Base_13)
[2016.01.07-10.19.21:708][792]LogEditorViewport: Clicking on Actor (LMB): BP_DemoDisplay_C (SM_Base_7)
[2016.01.07-10.19.25:235][157]LogEditorViewport: Clicking on Actor (LMB): BP_DemoDisplay_C (SM_Base_5)
[2016.01.07-10.19.29:489][600]LogEditorViewport: Clicking on Actor (LMB): BP_DemoDisplay_C (SM_Base_6)
[2016.01.07-10.19.33:071][975]LogEditorViewport: Clicking on Actor (LMB): BP_DemoRoom_C (BP_DemoRoom)
[2016.01.07-10.19.33:957][ 54]LogEditorViewport: Clicking on Actor (LMB): BP_DemoDisplay_C (SM_Base_8)
[2016.01.07-10.19.47:075][147]LogEditorViewport: Clicking on Actor (LMB): BP_DemoRoom_C (BP_DemoRoom)
[2016.01.07-10.19.48:391][276]Cmd: DELETE
[2016.01.07-10.19.48:391][276]Cmd: ACTOR DELETE
[2016.01.07-10.19.48:392][276]LogEditorActor: Deleted Actor: BP_DemoRoom_C
[2016.01.07-10.19.48:428][276]LogEditorActor: Deleted 1 Actors (0.037 secs)
[2016.01.07-10.19.49:425][394]Cmd: TRANSACTION UNDO
[2016.01.07-10.19.49:425][394]LogEditorTransaction: Undo 액터 삭제
[2016.01.07-10.19.49:427][394]LogScript:Warning: Attempted to get an item from array RoomNames out of bounds [0/0]!
[2016.01.07-10.19.56:819][ 78]LogScript:Warning: Attempted to get an item from array RoomNames out of bounds [0/0]!
[2016.01.07-10.19.59:353][319]LogBlueprintUserMessages: Early PlayInEditor Detection: Level '/Game/Maps/Effects.Effects:PersistentLevel' has LevelScriptBlueprint '/Game/Maps/Effects.Effects:PersistentLevel.Effects' with GeneratedClass '/Game/Maps/Effects.Effects_C' with ClassGeneratedBy '/Game/Maps/Effects.Effects:PersistentLevel.Effects'
[2016.01.07-10.19.59:353][319]LogPlayLevel: PlayLevel: No blueprints needed recompiling
[2016.01.07-10.19.59:353][319]PIE: New page: PIE 세션: Effects (2016. 1. 8. 오전 4:19:59)
[2016.01.07-10.19.59:353][319]LogPlayLevel: Creating play world package: /Game/Maps/UEDPIE_0_Effects
[2016.01.07-10.19.59:386][319]LogPlayLevel: PIE: StaticDuplicateObject took: (0.032628s)
[2016.01.07-10.19.59:387][319]LogAIModule: Creating AISystem for world Effects
[2016.01.07-10.19.59:387][319]LogPlayLevel: PIE: World Init took: (0.000907s)
[2016.01.07-10.19.59:387][319]LogPlayLevel: PIE: Created PIE world by copying editor world from /Game/Maps/Effects.Effects to /Game/Maps/UEDPIE_0_Effects.Effects (0.033814s)
[2016.01.07-10.19.59:411][319]LogInit: XAudio2 using '스피커(Realtek High Definition Audio)' : 2 channels at 48 kHz using 32 bits per sample (channel mask 0x3)
[2016.01.07-10.19.59:421][319]LogInit: FAudioDevice initialized.
[2016.01.07-10.19.59:504][319]LogWorld: Game class is 'CE_Game_C'
[2016.01.07-10.19.59:518][319]LogWorld: Bringing World /Game/Maps/UEDPIE_0_Effects.Effects up for play (max tick rate 0) at 2016.01.07-19.19.59
[2016.01.07-10.19.59:518][319]LogActor:Warning: GameSession /Game/Maps/UEDPIE_0_Effects.Effects:PersistentLevel.GameSession_0 has natively added scene component(s), but none of them were set as the actor's RootComponent - picking one arbitrarily
[2016.01.07-10.19.59:519][319]LogActor:Warning: GameNetworkManager /Game/Maps/UEDPIE_0_Effects.Effects:PersistentLevel.GameNetworkManager_0 has natively added scene component(s), but none of them were set as the actor's RootComponent - picking one arbitrarily
[2016.01.07-10.19.59:521][319]LogWorld: Bringing up level for play took: 0.014985
[2016.01.07-10.19.59:525][319]PIE: 정보 /Game/Maps/UEDPIE_0_Effects 에 대한 에디터에서 플레이 시작 시간: 0.863
[2016.01.07-10.19.59:525][319]LogBlueprintUserMessages: Late PlayInEditor Detection: Level '/Game/Maps/Effects.Effects:PersistentLevel' has LevelScriptBlueprint '/Game/Maps/Effects.Effects:PersistentLevel.Effects' with GeneratedClass '/Game/Maps/Effects.Effects_C' with ClassGeneratedBy '/Game/Maps/Effects.Effects:PersistentLevel.Effects'
[2016.01.07-10.20.04:080][852]LogBlueprintUserMessages: Early EndPlayMap Detection: Level '/Game/Maps/Effects.Effects:PersistentLevel' has LevelScriptBlueprint '/Game/Maps/Effects.Effects:PersistentLevel.Effects' with GeneratedClass '/Game/Maps/Effects.Effects_C' with ClassGeneratedBy '/Game/Maps/Effects.Effects:PersistentLevel.Effects'
[2016.01.07-10.20.04:162][852]LogBlueprintUserMessages: Late EndPlayMap Detection: Level '/Game/Maps/Effects.Effects:PersistentLevel' has LevelScriptBlueprint '/Game/Maps/Effects.Effects:PersistentLevel.Effects' with GeneratedClass '/Game/Maps/Effects.Effects_C' with ClassGeneratedBy '/Game/Maps/Effects.Effects:PersistentLevel.Effects'
[2016.01.07-10.20.04:185][852]LogParticles: Destroying 0 GPU particle simulations for FXSystem 0x00000000576E5BC0
[2016.01.07-10.20.05:671][  9]LogBlueprintUserMessages: Early PlayInEditor Detection: Level '/Game/Maps/Effects.Effects:PersistentLevel' has LevelScriptBlueprint '/Game/Maps/Effects.Effects:PersistentLevel.Effects' with GeneratedClass '/Game/Maps/Effects.Effects_C' with ClassGeneratedBy '/Game/Maps/Effects.Effects:PersistentLevel.Effects'
[2016.01.07-10.20.05:671][  9]LogPlayLevel: PlayLevel: No blueprints needed recompiling
[2016.01.07-10.20.05:671][  9]PIE: New page: PIE 세션: Effects (2016. 1. 8. 오전 4:20:05)
[2016.01.07-10.20.05:671][  9]LogPlayLevel: Creating play world package: /Game/Maps/UEDPIE_0_Effects
[2016.01.07-10.20.05:704][  9]LogPlayLevel: PIE: StaticDuplicateObject took: (0.033128s)
[2016.01.07-10.20.05:705][  9]LogAIModule: Creating AISystem for world Effects
[2016.01.07-10.20.05:705][  9]LogPlayLevel: PIE: World Init took: (0.000948s)
[2016.01.07-10.20.05:705][  9]LogPlayLevel: PIE: Created PIE world by copying editor world from /Game/Maps/Effects.Effects to /Game/Maps/UEDPIE_0_Effects.Effects (0.034319s)
[2016.01.07-10.20.05:729][  9]LogInit: XAudio2 using '스피커(Realtek High Definition Audio)' : 2 channels at 48 kHz using 32 bits per sample (channel mask 0x3)
[2016.01.07-10.20.05:738][  9]LogInit: FAudioDevice initialized.
[2016.01.07-10.20.05:776][  9]LogWorld: Game class is 'CE_Game_C'
[2016.01.07-10.20.05:789][  9]LogWorld: Bringing World /Game/Maps/UEDPIE_0_Effects.Effects up for play (max tick rate 0) at 2016.01.07-19.20.05
[2016.01.07-10.20.05:789][  9]LogActor:Warning: GameSession /Game/Maps/UEDPIE_0_Effects.Effects:PersistentLevel.GameSession_1 has natively added scene component(s), but none of them were set as the actor's RootComponent - picking one arbitrarily
[2016.01.07-10.20.05:789][  9]LogActor:Warning: GameNetworkManager /Game/Maps/UEDPIE_0_Effects.Effects:PersistentLevel.GameNetworkManager_1 has natively added scene component(s), but none of them were set as the actor's RootComponent - picking one arbitrarily
[2016.01.07-10.20.05:791][  9]LogWorld: Bringing up level for play took: 0.013969
[2016.01.07-10.20.05:794][  9]PIE: 정보 /Game/Maps/UEDPIE_0_Effects 에 대한 에디터에서 플레이 시작 시간: -0.867
[2016.01.07-10.20.05:794][  9]LogBlueprintUserMessages: Late PlayInEditor Detection: Level '/Game/Maps/Effects.Effects:PersistentLevel' has LevelScriptBlueprint '/Game/Maps/Effects.Effects:PersistentLevel.Effects' with GeneratedClass '/Game/Maps/Effects.Effects_C' with ClassGeneratedBy '/Game/Maps/Effects.Effects:PersistentLevel.Effects'
[2016.01.07-10.20.07:720][231]LogBlueprintUserMessages: Early EndPlayMap Detection: Level '/Game/Maps/Effects.Effects:PersistentLevel' has LevelScriptBlueprint '/Game/Maps/Effects.Effects:PersistentLevel.Effects' with GeneratedClass '/Game/Maps/Effects.Effects_C' with ClassGeneratedBy '/Game/Maps/Effects.Effects:PersistentLevel.Effects'
[2016.01.07-10.20.07:758][231]LogBlueprintUserMessages: Late EndPlayMap Detection: Level '/Game/Maps/Effects.Effects:PersistentLevel' has LevelScriptBlueprint '/Game/Maps/Effects.Effects:PersistentLevel.Effects' with GeneratedClass '/Game/Maps/Effects.Effects_C' with ClassGeneratedBy '/Game/Maps/Effects.Effects:PersistentLevel.Effects'
[2016.01.07-10.20.07:816][232]LogParticles: Destroying 0 GPU particle simulations for FXSystem 0x000000004B78F4C0
[2016.01.07-10.20.08:821][340]LogBlueprintUserMessages: Early PlayInEditor Detection: Level '/Game/Maps/Effects.Effects:PersistentLevel' has LevelScriptBlueprint '/Game/Maps/Effects.Effects:PersistentLevel.Effects' with GeneratedClass '/Game/Maps/Effects.Effects_C' with ClassGeneratedBy '/Game/Maps/Effects.Effects:PersistentLevel.Effects'
[2016.01.07-10.20.08:821][340]LogPlayLevel: PlayLevel: No blueprints needed recompiling
[2016.01.07-10.20.08:821][340]PIE: New page: PIE 세션: Effects (2016. 1. 8. 오전 4:20:08)
[2016.01.07-10.20.08:821][340]LogPlayLevel: Creating play world package: /Game/Maps/UEDPIE_0_Effects
[2016.01.07-10.20.08:852][340]LogPlayLevel: PIE: StaticDuplicateObject took: (0.031602s)
[2016.01.07-10.20.08:853][340]LogAIModule: Creating AISystem for world Effects
[2016.01.07-10.20.08:853][340]LogPlayLevel: PIE: World Init took: (0.000917s)
[2016.01.07-10.20.08:854][340]LogPlayLevel: PIE: Created PIE world by copying editor world from /Game/Maps/Effects.Effects to /Game/Maps/UEDPIE_0_Effects.Effects (0.032789s)
[2016.01.07-10.20.08:878][340]LogInit: XAudio2 using '스피커(Realtek High Definition Audio)' : 2 channels at 48 kHz using 32 bits per sample (channel mask 0x3)
[2016.01.07-10.20.08:889][340]LogInit: FAudioDevice initialized.
[2016.01.07-10.20.08:924][340]LogWorld: Game class is 'CE_Game_C'
[2016.01.07-10.20.08:939][340]LogWorld: Bringing World /Game/Maps/UEDPIE_0_Effects.Effects up for play (max tick rate 0) at 2016.01.07-19.20.08
[2016.01.07-10.20.08:939][340]LogActor:Warning: GameSession /Game/Maps/UEDPIE_0_Effects.Effects:PersistentLevel.GameSession_2 has natively added scene component(s), but none of them were set as the actor's RootComponent - picking one arbitrarily
[2016.01.07-10.20.08:939][340]LogActor:Warning: GameNetworkManager /Game/Maps/UEDPIE_0_Effects.Effects:PersistentLevel.GameNetworkManager_2 has natively added scene component(s), but none of them were set as the actor's RootComponent - picking one arbitrarily
[2016.01.07-10.20.08:942][340]LogWorld: Bringing up level for play took: 0.016561
[2016.01.07-10.20.08:945][340]PIE: 정보 /Game/Maps/UEDPIE_0_Effects 에 대한 에디터에서 플레이 시작 시간: 0.282
[2016.01.07-10.20.08:945][340]LogBlueprintUserMessages: Late PlayInEditor Detection: Level '/Game/Maps/Effects.Effects:PersistentLevel' has LevelScriptBlueprint '/Game/Maps/Effects.Effects:PersistentLevel.Effects' with GeneratedClass '/Game/Maps/Effects.Effects_C' with ClassGeneratedBy '/Game/Maps/Effects.Effects:PersistentLevel.Effects'
[2016.01.07-10.20.14:643][ 11]LogSelection:Warning: PIE object was selected: "BP_DemoRoom_C /Game/Maps/UEDPIE_0_Effects.Effects:PersistentLevel.BP_DemoRoom_C_0"
[2016.01.07-10.20.17:643][152]LogEditorViewport: Clicking on Actor (LMB): BP_DemoRoom_C (BP_DemoRoom)
[2016.01.07-10.20.17:643][152]LogSelection:Warning: PIE object was selected: "BP_DemoRoom_C /Game/Maps/UEDPIE_0_Effects.Effects:PersistentLevel.BP_DemoRoom_C_0"
[2016.01.07-10.20.21:741][591]LogBlueprintUserMessages: Early EndPlayMap Detection: Level '/Game/Maps/Effects.Effects:PersistentLevel' has LevelScriptBlueprint '/Game/Maps/Effects.Effects:PersistentLevel.Effects' with GeneratedClass '/Game/Maps/Effects.Effects_C' with ClassGeneratedBy '/Game/Maps/Effects.Effects:PersistentLevel.Effects'
[2016.01.07-10.20.21:780][591]LogBlueprintUserMessages: Late EndPlayMap Detection: Level '/Game/Maps/Effects.Effects:PersistentLevel' has LevelScriptBlueprint '/Game/Maps/Effects.Effects:PersistentLevel.Effects' with GeneratedClass '/Game/Maps/Effects.Effects_C' with ClassGeneratedBy '/Game/Maps/Effects.Effects:PersistentLevel.Effects'
[2016.01.07-10.20.21:834][592]LogParticles: Destroying 0 GPU particle simulations for FXSystem 0x0000000057D874C0
[2016.01.07-10.20.35:243][135]LogBlueprintUserMessages: Early PlayInEditor Detection: Level '/Game/Maps/Effects.Effects:PersistentLevel' has LevelScriptBlueprint '/Game/Maps/Effects.Effects:PersistentLevel.Effects' with GeneratedClass '/Game/Maps/Effects.Effects_C' with ClassGeneratedBy '/Game/Maps/Effects.Effects:PersistentLevel.Effects'
[2016.01.07-10.20.35:243][135]LogPlayLevel: PlayLevel: No blueprints needed recompiling
[2016.01.07-10.20.35:243][135]PIE: New page: PIE 세션: Effects (2016. 1. 8. 오전 4:20:35)
[2016.01.07-10.20.35:243][135]LogPlayLevel: Creating play world package: /Game/Maps/UEDPIE_0_Effects
[2016.01.07-10.20.35:275][135]LogPlayLevel: PIE: StaticDuplicateObject took: (0.031362s)
[2016.01.07-10.20.35:276][135]LogAIModule: Creating AISystem for world Effects
[2016.01.07-10.20.35:276][135]LogPlayLevel: PIE: World Init took: (0.000898s)
[2016.01.07-10.20.35:276][135]LogPlayLevel: PIE: Created PIE world by copying editor world from /Game/Maps/Effects.Effects to /Game/Maps/UEDPIE_0_Effects.Effects (0.032497s)
[2016.01.07-10.20.35:300][135]LogInit: XAudio2 using '스피커(Realtek High Definition Audio)' : 2 channels at 48 kHz using 32 bits per sample (channel mask 0x3)
[2016.01.07-10.20.35:310][135]LogInit: FAudioDevice initialized.
[2016.01.07-10.20.35:344][135]LogWorld: Game class is 'CE_Game_C'
[2016.01.07-10.20.35:357][135]LogWorld: Bringing World /Game/Maps/UEDPIE_0_Effects.Effects up for play (max tick rate 0) at 2016.01.07-19.20.35
[2016.01.07-10.20.35:357][135]LogActor:Warning: GameSession /Game/Maps/UEDPIE_0_Effects.Effects:PersistentLevel.GameSession_3 has natively added scene component(s), but none of them were set as the actor's RootComponent - picking one arbitrarily
[2016.01.07-10.20.35:357][135]LogActor:Warning: GameNetworkManager /Game/Maps/UEDPIE_0_Effects.Effects:PersistentLevel.GameNetworkManager_3 has natively added scene component(s), but none of them were set as the actor's RootComponent - picking one arbitrarily
[2016.01.07-10.20.35:359][135]LogWorld: Bringing up level for play took: 0.013582
[2016.01.07-10.20.35:361][135]PIE: 정보 /Game/Maps/UEDPIE_0_Effects 에 대한 에디터에서 플레이 시작 시간: 0.699
[2016.01.07-10.20.35:362][135]LogBlueprintUserMessages: Late PlayInEditor Detection: Level '/Game/Maps/Effects.Effects:PersistentLevel' has LevelScriptBlueprint '/Game/Maps/Effects.Effects:PersistentLevel.Effects' with GeneratedClass '/Game/Maps/Effects.Effects_C' with ClassGeneratedBy '/Game/Maps/Effects.Effects:PersistentLevel.Effects'
[2016.01.07-10.20.38:123][458]LogBlueprintUserMessages: Early EndPlayMap Detection: Level '/Game/Maps/Effects.Effects:PersistentLevel' has LevelScriptBlueprint '/Game/Maps/Effects.Effects:PersistentLevel.Effects' with GeneratedClass '/Game/Maps/Effects.Effects_C' with ClassGeneratedBy '/Game/Maps/Effects.Effects:PersistentLevel.Effects'
[2016.01.07-10.20.38:161][458]LogBlueprintUserMessages: Late EndPlayMap Detection: Level '/Game/Maps/Effects.Effects:PersistentLevel' has LevelScriptBlueprint '/Game/Maps/Effects.Effects:PersistentLevel.Effects' with GeneratedClass '/Game/Maps/Effects.Effects_C' with ClassGeneratedBy '/Game/Maps/Effects.Effects:PersistentLevel.Effects'
[2016.01.07-10.20.38:215][459]LogParticles: Destroying 0 GPU particle simulations for FXSystem 0x000000001199A3E0
[2016.01.07-10.20.44:145][ 19]LogContentBrowser: Native class hierarchy updated for 'Matinee' in 0.0006 seconds. Added 15 classes and 2 folders.
[2016.01.07-10.20.44:148][ 19]LogInit: Transaction tracking system initialized
[2016.01.07-10.20.44:148][ 19]EditorErrors: New page: 마티네 초기화
[2016.01.07-10.21.09:932][273]LogContentBrowser: Native class hierarchy updated for 'TextureEditor' in 0.0005 seconds. Added 1 classes and 2 folders.
[2016.01.07-10.21.24:211][666]LogExit: Transaction tracking system shut down
[2016.01.07-10.21.38:110][666]LogMaterial: Missing cached shader map for material M_smoke_subUV_blackbody, compiling. 
[2016.01.07-10.21.38:110][666]LogMaterial:Warning: Failed to compile Material /Game/ExampleContent/Effects/Materials/M_smoke_subUV_blackbody.M_smoke_subUV_blackbody for platform PCD3D_SM5, Default Material will be used in game.
[2016.01.07-10.21.38:110][666]LogMaterial:Warning: 	(Node TextureSample) TextureSample> Missing input texture
[2016.01.07-10.21.38:110][666]LogMaterial:Warning: 	(Node ParticleSubUV) Missing ParticleSubUV input texture
[2016.01.07-10.21.38:114][666]LogMaterial: Missing cached shader map for material M_smoke_subUV_blackbody, compiling. 
[2016.01.07-10.21.38:115][666]LogMaterial:Warning: Failed to compile Material /Game/ExampleContent/Effects/Materials/M_smoke_subUV_blackbody.M_smoke_subUV_blackbody for platform PCD3D_SM5, Default Material will be used in game.
[2016.01.07-10.21.38:115][666]LogMaterial:Warning: 	(Node TextureSample) TextureSample> Missing input texture
[2016.01.07-10.21.38:115][666]LogMaterial:Warning: 	(Node ParticleSubUV) Missing ParticleSubUV input texture
[2016.01.07-10.21.38:119][666]LogMaterial: Missing cached shader map for material M_smoke_subUV, compiling. 
[2016.01.07-10.21.38:119][666]LogMaterial:Warning: Failed to compile Material /Game/ExampleContent/Effects/Materials/M_smoke_subUV.M_smoke_subUV for platform PCD3D_SM5, Default Material will be used in game.
[2016.01.07-10.21.38:119][666]LogMaterial:Warning: 	(Node TextureSample) TextureSample> Missing input texture
[2016.01.07-10.21.38:119][666]LogMaterial:Warning: 	(Node ParticleSubUV) Missing ParticleSubUV input texture
[2016.01.07-10.21.38:122][666]LogMaterial: Missing cached shader map for material M_smoke_subUV, compiling. 
[2016.01.07-10.21.38:122][666]LogMaterial:Warning: Failed to compile Material /Game/ExampleContent/Effects/Materials/M_smoke_subUV.M_smoke_subUV for platform PCD3D_SM5, Default Material will be used in game.
[2016.01.07-10.21.38:122][666]LogMaterial:Warning: 	(Node TextureSample) TextureSample> Missing input texture
[2016.01.07-10.21.38:122][666]LogMaterial:Warning: 	(Node ParticleSubUV) Missing ParticleSubUV input texture
[2016.01.07-10.21.38:126][666]LogMaterial: Missing cached shader map for material M_ribbon_smoke, compiling. 
[2016.01.07-10.21.38:126][666]LogMaterial:Warning: Failed to compile Material /Game/ExampleContent/Effects/Materials/M_ribbon_smoke.M_ribbon_smoke for platform PCD3D_SM5, Default Material will be used in game.
[2016.01.07-10.21.38:126][666]LogMaterial:Warning: 	(Node TextureSample) TextureSample> Missing input texture
[2016.01.07-10.21.38:129][666]LogMaterial: Missing cached shader map for material M_ribbon_smoke, compiling. 
[2016.01.07-10.21.38:130][666]LogMaterial:Warning: Failed to compile Material /Game/ExampleContent/Effects/Materials/M_ribbon_smoke.M_ribbon_smoke for platform PCD3D_SM5, Default Material will be used in game.
[2016.01.07-10.21.38:130][666]LogMaterial:Warning: 	(Node TextureSample) TextureSample> Missing input texture
[2016.01.07-10.21.44:106][ 94]LogPlayLevel: Launcher Device ID: WindowsNoEditor@PC-PC
[2016.01.07-10.21.44:111][ 94]LogPlayLevel: PlayLevel: No blueprints needed recompiling
[2016.01.07-10.21.46:190][178]LogBlueprintUserMessages: Early PlayInEditor Detection: Level '/Game/Maps/Effects.Effects:PersistentLevel' has LevelScriptBlueprint '/Game/Maps/Effects.Effects:PersistentLevel.Effects' with GeneratedClass '/Game/Maps/Effects.Effects_C' with ClassGeneratedBy '/Game/Maps/Effects.Effects:PersistentLevel.Effects'
[2016.01.07-10.21.46:190][178]LogPlayLevel: PlayLevel: No blueprints needed recompiling
[2016.01.07-10.21.46:190][178]PIE: New page: PIE 세션: Effects (2016. 1. 8. 오전 4:21:46)
[2016.01.07-10.21.46:190][178]LogPlayLevel: Creating play world package: /Game/Maps/UEDPIE_0_Effects
[2016.01.07-10.21.46:223][178]LogPlayLevel: PIE: StaticDuplicateObject took: (0.033555s)
[2016.01.07-10.21.46:224][178]LogAIModule: Creating AISystem for world Effects
[2016.01.07-10.21.46:224][178]LogPlayLevel: PIE: World Init took: (0.000945s)
[2016.01.07-10.21.46:225][178]LogPlayLevel: PIE: Created PIE world by copying editor world from /Game/Maps/Effects.Effects to /Game/Maps/UEDPIE_0_Effects.Effects (0.034753s)
[2016.01.07-10.21.46:249][178]LogInit: XAudio2 using '스피커(Realtek High Definition Audio)' : 2 channels at 48 kHz using 32 bits per sample (channel mask 0x3)
[2016.01.07-10.21.46:259][178]LogInit: FAudioDevice initialized.
[2016.01.07-10.21.46:294][178]LogWorld: Game class is 'CE_Game_C'
[2016.01.07-10.21.46:308][178]LogWorld: Bringing World /Game/Maps/UEDPIE_0_Effects.Effects up for play (max tick rate 0) at 2016.01.07-19.21.46
[2016.01.07-10.21.46:308][178]LogActor:Warning: GameSession /Game/Maps/UEDPIE_0_Effects.Effects:PersistentLevel.GameSession_4 has natively added scene component(s), but none of them were set as the actor's RootComponent - picking one arbitrarily
[2016.01.07-10.21.46:308][178]LogActor:Warning: GameNetworkManager /Game/Maps/UEDPIE_0_Effects.Effects:PersistentLevel.GameNetworkManager_4 has natively added scene component(s), but none of them were set as the actor's RootComponent - picking one arbitrarily
[2016.01.07-10.21.46:310][178]LogWorld: Bringing up level for play took: 0.013901
[2016.01.07-10.21.46:313][178]PIE: 정보 /Game/Maps/UEDPIE_0_Effects 에 대한 에디터에서 플레이 시작 시간: -0.35
[2016.01.07-10.21.46:313][178]LogBlueprintUserMessages: Late PlayInEditor Detection: Level '/Game/Maps/Effects.Effects:PersistentLevel' has LevelScriptBlueprint '/Game/Maps/Effects.Effects:PersistentLevel.Effects' with GeneratedClass '/Game/Maps/Effects.Effects_C' with ClassGeneratedBy '/Game/Maps/Effects.Effects:PersistentLevel.Effects'
[2016.01.07-10.21.47:702][335]LogBlueprintUserMessages: Early EndPlayMap Detection: Level '/Game/Maps/Effects.Effects:PersistentLevel' has LevelScriptBlueprint '/Game/Maps/Effects.Effects:PersistentLevel.Effects' with GeneratedClass '/Game/Maps/Effects.Effects_C' with ClassGeneratedBy '/Game/Maps/Effects.Effects:PersistentLevel.Effects'
[2016.01.07-10.21.47:745][335]LogBlueprintUserMessages: Late EndPlayMap Detection: Level '/Game/Maps/Effects.Effects:PersistentLevel' has LevelScriptBlueprint '/Game/Maps/Effects.Effects:PersistentLevel.Effects' with GeneratedClass '/Game/Maps/Effects.Effects_C' with ClassGeneratedBy '/Game/Maps/Effects.Effects:PersistentLevel.Effects'
[2016.01.07-10.21.47:800][336]LogParticles: Destroying 0 GPU particle simulations for FXSystem 0x0000000010A922A0
[2016.01.07-10.21.49:448][509]LogBlueprintUserMessages: Early PlayInEditor Detection: Level '/Game/Maps/Effects.Effects:PersistentLevel' has LevelScriptBlueprint '/Game/Maps/Effects.Effects:PersistentLevel.Effects' with GeneratedClass '/Game/Maps/Effects.Effects_C' with ClassGeneratedBy '/Game/Maps/Effects.Effects:PersistentLevel.Effects'
[2016.01.07-10.21.49:448][509]LogPlayLevel: PlayLevel: No blueprints needed recompiling
[2016.01.07-10.21.49:448][509]PIE: New page: PIE 세션: Effects (2016. 1. 8. 오전 4:21:49)
[2016.01.07-10.21.49:448][509]LogPlayLevel: Creating play world package: /Game/Maps/UEDPIE_0_Effects
[2016.01.07-10.21.49:490][509]LogPlayLevel: PIE: StaticDuplicateObject took: (0.042236s)
[2016.01.07-10.21.49:491][509]LogAIModule: Creating AISystem for world Effects
[2016.01.07-10.21.49:492][509]LogPlayLevel: PIE: World Init took: (0.001307s)
[2016.01.07-10.21.49:492][509]LogPlayLevel: PIE: Created PIE world by copying editor world from /Game/Maps/Effects.Effects to /Game/Maps/UEDPIE_0_Effects.Effects (0.043809s)
[2016.01.07-10.21.49:516][509]LogInit: XAudio2 using '스피커(Realtek High Definition Audio)' : 2 channels at 48 kHz using 32 bits per sample (channel mask 0x3)
[2016.01.07-10.21.49:528][509]LogInit: FAudioDevice initialized.
[2016.01.07-10.21.49:559][509]LogWorld: Game class is 'CE_Game_C'
[2016.01.07-10.21.49:573][509]LogWorld: Bringing World /Game/Maps/UEDPIE_0_Effects.Effects up for play (max tick rate 0) at 2016.01.07-19.21.49
[2016.01.07-10.21.49:573][509]LogActor:Warning: GameSession /Game/Maps/UEDPIE_0_Effects.Effects:PersistentLevel.GameSession_5 has natively added scene component(s), but none of them were set as the actor's RootComponent - picking one arbitrarily
[2016.01.07-10.21.49:573][509]LogActor:Warning: GameNetworkManager /Game/Maps/UEDPIE_0_Effects.Effects:PersistentLevel.GameNetworkManager_5 has natively added scene component(s), but none of them were set as the actor's RootComponent - picking one arbitrarily
[2016.01.07-10.21.49:575][509]LogWorld: Bringing up level for play took: 0.013993
[2016.01.07-10.21.49:578][509]PIE: 정보 /Game/Maps/UEDPIE_0_Effects 에 대한 에디터에서 플레이 시작 시간: 0.916
[2016.01.07-10.21.49:578][509]LogBlueprintUserMessages: Late PlayInEditor Detection: Level '/Game/Maps/Effects.Effects:PersistentLevel' has LevelScriptBlueprint '/Game/Maps/Effects.Effects:PersistentLevel.Effects' with GeneratedClass '/Game/Maps/Effects.Effects_C' with ClassGeneratedBy '/Game/Maps/Effects.Effects:PersistentLevel.Effects'
[2016.01.07-10.21.53:128][924]LogSelection:Warning: PIE object was selected: "BP_DemoRoom_C /Game/Maps/UEDPIE_0_Effects.Effects:PersistentLevel.BP_DemoRoom_C_0"
[2016.01.07-10.22.37:119][121]Cmd: OBJ SAVEPACKAGE PACKAGE="/Game/Maps/Effects" FILE="../../../../../../../Users/pc/Documents/SimpleCartoonFX/SimpleCartoonFX/Content/Maps/Effects.umap" SILENT=true AUTOSAVING=false KEEPDIRTY=false
[2016.01.07-10.22.38:298][121]LogSavePackage: Save=1115.976440ms
[2016.01.07-10.22.38:298][121]LogSavePackage: Moving '../../../../../../../Users/pc/Documents/SimpleCartoonFX/SimpleCartoonFX/Saved/EffectsE5B0603D438E1D51669DCCB46D6352EA.tmp' to '../../../../../../../Users/pc/Documents/SimpleCartoonFX/SimpleCartoonFX/Content/Maps/Effects.umap'
[2016.01.07-10.22.38:305][121]LogSavePackage: Total save time: 1165.088072ms
[2016.01.07-10.22.38:305][121]LogSavePackage:Display: Finished SavePackage ../../../../../../../Users/pc/Documents/SimpleCartoonFX/SimpleCartoonFX/Content/Maps/Effects.umap
[2016.01.07-10.22.38:314][121]LogFileHelpers: Saving map 'Effects' took 1.317
[2016.01.07-10.22.41:575][409]LogBlueprintUserMessages: Early EndPlayMap Detection: Level '/Game/Maps/Effects.Effects:PersistentLevel' has LevelScriptBlueprint '/Game/Maps/Effects.Effects:PersistentLevel.Effects' with GeneratedClass '/Game/Maps/Effects.Effects_C' with ClassGeneratedBy '/Game/Maps/Effects.Effects:PersistentLevel.Effects'
[2016.01.07-10.22.41:654][409]LogBlueprintUserMessages: Late EndPlayMap Detection: Level '/Game/Maps/Effects.Effects:PersistentLevel' has LevelScriptBlueprint '/Game/Maps/Effects.Effects:PersistentLevel.Effects' with GeneratedClass '/Game/Maps/Effects.Effects_C' with ClassGeneratedBy '/Game/Maps/Effects.Effects:PersistentLevel.Effects'
[2016.01.07-10.22.41:676][409]LogParticles: Destroying 0 GPU particle simulations for FXSystem 0x0000000018188D60
[2016.01.07-10.22.41:794][410]Cmd: QUIT_EDITOR
[2016.01.07-10.22.42:633][410]LogExit: Preparing to exit.
[2016.01.07-10.22.43:492][410]LogExit: Editor shut down
[2016.01.07-10.22.43:492][410]LogExit: Transaction tracking system shut down
[2016.01.07-10.22.43:493][410]LogParticles: Destroying 0 GPU particle simulations for FXSystem 0x000000001FF5C5E0
[2016.01.07-10.22.43:497][410]LogParticles: Destroying 0 GPU particle simulations for FXSystem 0x00000000577B36A0
[2016.01.07-10.22.43:661][410]LogParticles: Destroying 0 GPU particle simulations for FXSystem 0x000000001ACF5760
[2016.01.07-10.22.43:661][410]LogExit: Object subsystem successfully closed.
[2016.01.07-10.22.43:677][410]LogD3D11RHI: Shutdown
[2016.01.07-10.22.43:677][410]LogD3D11RHI: CleanupD3DDevice
[2016.01.07-10.22.43:754][410]LogD3D11RHI: ~FD3D11DynamicRHI
[2016.01.07-10.22.43:773][410]LogModuleManager: Shutting down and abandoning module CookingStats (203)
[2016.01.07-10.22.43:773][410]LogModuleManager: Shutting down and abandoning module LauncherServices (202)
[2016.01.07-10.22.43:773][410]LogModuleManager: Shutting down and abandoning module TextureEditor (201)
[2016.01.07-10.22.43:773][410]LogModuleManager: Shutting down and abandoning module DistCurveEditor (200)
[2016.01.07-10.22.43:773][410]LogModuleManager: Shutting down and abandoning module Matinee (199)
[2016.01.07-10.22.43:773][410]LogModuleManager: Shutting down and abandoning module WidgetCarousel (198)
[2016.01.07-10.22.43:773][410]LogModuleManager: Shutting down and abandoning module AddContentDialog (197)
[2016.01.07-10.22.43:774][410]LogModuleManager: Shutting down and abandoning module EditorWidgets (196)
[2016.01.07-10.22.43:774][410]LogModuleManager: Shutting down and abandoning module CollectionManager (195)
[2016.01.07-10.22.43:774][410]LogModuleManager: Shutting down and abandoning module CrashTracker (194)
[2016.01.07-10.22.43:774][410]LogModuleManager: Shutting down and abandoning module SuperSearch (193)
[2016.01.07-10.22.43:774][410]LogModuleManager: Shutting down and abandoning module SceneOutliner (192)
[2016.01.07-10.22.43:774][410]LogModuleManager: Shutting down and abandoning module StatsViewer (191)
[2016.01.07-10.22.43:774][410]LogModuleManager: Shutting down and abandoning module FoliageEdit (190)
[2016.01.07-10.22.43:774][410]LogModuleManager: Shutting down and abandoning module LandscapeEditor (189)
[2016.01.07-10.22.43:774][410]LogModuleManager: Shutting down and abandoning module ActorPickerMode (188)
[2016.01.07-10.22.43:774][410]LogModuleManager: Shutting down and abandoning module GeometryMode (187)
[2016.01.07-10.22.43:774][410]LogModuleManager: Shutting down and abandoning module TextureAlignMode (186)
[2016.01.07-10.22.43:774][410]LogModuleManager: Shutting down and abandoning module BspMode (185)
[2016.01.07-10.22.43:774][410]LogModuleManager: Shutting down and abandoning module PlacementMode (184)
[2016.01.07-10.22.43:774][410]LogModuleManager: Shutting down and abandoning module AutomationWorker (183)
[2016.01.07-10.22.43:774][410]LogModuleManager: Shutting down and abandoning module CharacterAI (182)
[2016.01.07-10.22.43:774][410]LogModuleManager: Shutting down and abandoning module SmartSnapping (181)
[2016.01.07-10.22.43:774][410]LogModuleManager: Shutting down and abandoning module ViewportSnapping (180)
[2016.01.07-10.22.43:774][410]LogModuleManager: Shutting down and abandoning module LogVisualizer (179)
[2016.01.07-10.22.43:775][410]LogModuleManager: Shutting down and abandoning module GameProjectGeneration (178)
[2016.01.07-10.22.43:775][410]LogModuleManager: Shutting down and abandoning module IntroTutorials (177)
[2016.01.07-10.22.43:775][410]LogModuleManager: Shutting down and abandoning module EditorLiveStreaming (176)
[2016.01.07-10.22.43:775][410]LogModuleManager: Shutting down and abandoning module IOSPlatformEditor (175)
[2016.01.07-10.22.43:775][410]LogModuleManager: Shutting down and abandoning module HTML5PlatformEditor (174)
[2016.01.07-10.22.43:775][410]LogModuleManager: Shutting down and abandoning module AndroidDeviceDetection (173)
[2016.01.07-10.22.44:678][410]LogModuleManager: Shutting down and abandoning module AndroidPlatformEditor (172)
[2016.01.07-10.22.44:678][410]LogModuleManager: Shutting down and abandoning module IOSRuntimeSettings (171)
[2016.01.07-10.22.44:678][410]LogModuleManager: Shutting down and abandoning module AndroidRuntimeSettings (170)
[2016.01.07-10.22.44:678][410]LogModuleManager: Shutting down and abandoning module MergeActors (169)
[2016.01.07-10.22.44:678][410]LogModuleManager: Shutting down and abandoning module SizeMap (168)
[2016.01.07-10.22.44:678][410]LogModuleManager: Shutting down and abandoning module TreeMap (167)
[2016.01.07-10.22.44:678][410]LogModuleManager: Shutting down and abandoning module ReferenceViewer (166)
[2016.01.07-10.22.44:678][410]LogModuleManager: Shutting down and abandoning module LocalizationService (165)
[2016.01.07-10.22.44:679][410]LogModuleManager: Shutting down and abandoning module LocalizationDashboard (164)
[2016.01.07-10.22.44:679][410]LogModuleManager: Shutting down and abandoning module HardwareTargeting (163)
[2016.01.07-10.22.44:679][410]LogModuleManager: Shutting down and abandoning module DeviceProfileEditor (162)
[2016.01.07-10.22.44:679][410]LogModuleManager: Shutting down and abandoning module UndoHistory (161)
[2016.01.07-10.22.44:679][410]LogModuleManager: Shutting down and abandoning module GameplayTagsEditor (160)
[2016.01.07-10.22.44:679][410]LogModuleManager: Shutting down and abandoning module UserFeedback (159)
[2016.01.07-10.22.44:679][410]LogModuleManager: Shutting down and abandoning module XmlParser (158)
[2016.01.07-10.22.44:679][410]LogModuleManager: Shutting down and abandoning module Blutility (157)
[2016.01.07-10.22.44:679][410]LogModuleManager: Shutting down and abandoning module ProjectTargetPlatformEditor (156)
[2016.01.07-10.22.44:679][410]LogModuleManager: Shutting down and abandoning module ProjectSettingsViewer (155)
[2016.01.07-10.22.44:679][410]LogModuleManager: Shutting down and abandoning module InputBindingEditor (154)
[2016.01.07-10.22.44:679][410]LogModuleManager: Shutting down and abandoning module EditorSettingsViewer (153)
[2016.01.07-10.22.44:679][410]LogModuleManager: Shutting down and abandoning module SettingsEditor (152)
[2016.01.07-10.22.44:679][410]LogModuleManager: Shutting down and abandoning module ProjectLauncher (151)
[2016.01.07-10.22.44:679][410]LogModuleManager: Shutting down and abandoning module SessionFrontend (150)
[2016.01.07-10.22.44:679][410]LogModuleManager: Shutting down and abandoning module ProfilerClient (149)
[2016.01.07-10.22.44:679][410]LogModuleManager: Shutting down and abandoning module TargetDeviceServices (148)
[2016.01.07-10.22.44:679][410]LogModuleManager: Shutting down and abandoning module DeviceManager (147)
[2016.01.07-10.22.44:679][410]LogModuleManager: Shutting down and abandoning module AutomationController (146)
[2016.01.07-10.22.44:679][410]LogModuleManager: Shutting down and abandoning module AutomationWindow (145)
[2016.01.07-10.22.44:679][410]LogModuleManager: Shutting down and abandoning module Layers (144)
[2016.01.07-10.22.44:679][410]LogModuleManager: Shutting down and abandoning module ComponentVisualizers (143)
[2016.01.07-10.22.44:679][410]LogModuleManager: Shutting down and abandoning module DetailCustomizations (142)
[2016.01.07-10.22.44:679][410]LogModuleManager: Shutting down and abandoning module PackagesDialog (141)
[2016.01.07-10.22.44:679][410]LogModuleManager: Shutting down and abandoning module Persona (140)
[2016.01.07-10.22.44:679][410]LogModuleManager: Shutting down and abandoning module Kismet (139)
[2016.01.07-10.22.44:679][410]LogModuleManager: Shutting down and abandoning module GraphEditor (138)
[2016.01.07-10.22.44:679][410]LogModuleManager: Shutting down and abandoning module ClassViewer (137)
[2016.01.07-10.22.44:679][410]LogModuleManager: Shutting down and abandoning module Toolbox (136)
[2016.01.07-10.22.44:679][410]LogModuleManager: Shutting down and abandoning module ModuleUI (135)
[2016.01.07-10.22.44:679][410]LogModuleManager: Shutting down and abandoning module MovieSceneTools (134)
[2016.01.07-10.22.44:680][410]LogModuleManager: Shutting down and abandoning module OutputLog (133)
[2016.01.07-10.22.44:680][410]LogModuleManager: Shutting down and abandoning module GammaUI (132)
[2016.01.07-10.22.44:680][410]LogModuleManager: Shutting down and abandoning module Documentation (131)
[2016.01.07-10.22.44:680][410]LogModuleManager: Shutting down and abandoning module GameLiveStreaming (130)
[2016.01.07-10.22.44:680][410]LogModuleManager: Shutting down and abandoning module StreamingPauseRendering (129)
[2016.01.07-10.22.44:680][410]LogModuleManager: Shutting down and abandoning module AnalyticsET (128)
[2016.01.07-10.22.44:680][410]LogModuleManager: Shutting down and abandoning module Analytics (127)
[2016.01.07-10.22.44:680][410]LogModuleManager: Shutting down and abandoning module AITestSuite (126)
[2016.01.07-10.22.44:680][410]LogModuleManager: Shutting down and abandoning module GameplayDebugger (125)
[2016.01.07-10.22.44:680][410]LogModuleManager: Shutting down and abandoning module AIModule (124)
[2016.01.07-10.22.44:680][410]LogModuleManager: Shutting down and abandoning module ProfilerService (123)
[2016.01.07-10.22.44:757][410]LogModuleManager: Shutting down and abandoning module TaskGraph (122)
[2016.01.07-10.22.44:757][410]LogModuleManager: Shutting down and abandoning module SlateRemote (121)
[2016.01.07-10.22.44:757][410]LogModuleManager: Shutting down and abandoning module SteamVRController (120)
[2016.01.07-10.22.44:757][410]LogModuleManager: Shutting down and abandoning module SteamVR (119)
[2016.01.07-10.22.44:757][410]LogModuleManager: Shutting down and abandoning module ProceduralMeshComponent (118)
[2016.01.07-10.22.44:757][410]LogModuleManager: Shutting down and abandoning module OculusLibrary (117)
[2016.01.07-10.22.44:757][410]LogModuleManager: Shutting down and abandoning module OculusInput (116)
[2016.01.07-10.22.44:757][410]LogModuleManager: Shutting down and abandoning module LeapMotionController (115)
[2016.01.07-10.22.44:768][410]LogModuleManager: Shutting down and abandoning module CustomMeshComponent (114)
[2016.01.07-10.22.44:768][410]LogModuleManager: Shutting down and abandoning module CableComponent (113)
[2016.01.07-10.22.44:768][410]LogModuleManager: Shutting down and abandoning module ArchVisCharacter (112)
[2016.01.07-10.22.44:768][410]LogModuleManager: Shutting down and abandoning module MessagingDebugger (111)
[2016.01.07-10.22.44:768][410]LogModuleManager: Shutting down and abandoning module MediaPlayerEditor (110)
[2016.01.07-10.22.44:768][410]LogModuleManager: Shutting down and abandoning module HTML5Networking (109)
[2016.01.07-10.22.44:768][410]LogModuleManager: Shutting down and abandoning module SpeedTreeImporter (108)
[2016.01.07-10.22.44:768][410]LogModuleManager: Shutting down and abandoning module PluginBrowser (107)
[2016.01.07-10.22.44:768][410]LogModuleManager: Shutting down and abandoning module EpicSurvey (106)
[2016.01.07-10.22.44:769][410]LogModuleManager: Shutting down and abandoning module DesktopPlatform (105)
[2016.01.07-10.22.44:769][410]LogModuleManager: Shutting down and abandoning module VisualStudioSourceCodeAccess (104)
[2016.01.07-10.22.44:769][410]LogModuleManager: Shutting down and abandoning module UObjectPlugin (103)
[2016.01.07-10.22.44:769][410]LogModuleManager: Shutting down and abandoning module SubversionSourceControl (102)
[2016.01.07-10.22.44:769][410]LogModuleManager: Shutting down and abandoning module PerforceSourceControl (101)
[2016.01.07-10.22.44:769][410]LogModuleManager: Shutting down and abandoning module SourceControl (100)
[2016.01.07-10.22.44:769][410]LogModuleManager: Shutting down and abandoning module GitSourceControl (99)
[2016.01.07-10.22.44:769][410]LogModuleManager: Shutting down and abandoning module LightPropagationVolumeEditor (98)
[2016.01.07-10.22.44:769][410]LogModuleManager: Shutting down and abandoning module PaperTiledImporter (97)
[2016.01.07-10.22.44:769][410]LogModuleManager: Shutting down and abandoning module PaperSpriteSheetImporter (96)
[2016.01.07-10.22.44:769][410]LogModuleManager: Shutting down and abandoning module MeshPaint (95)
[2016.01.07-10.22.44:769][410]LogModuleManager: Shutting down and abandoning module SlateReflector (94)
[2016.01.07-10.22.44:769][410]LogModuleManager: Shutting down and abandoning module HotReload (93)
[2016.01.07-10.22.44:769][410]LogModuleManager: Shutting down and abandoning module MainFrame (92)
[2016.01.07-10.22.44:769][410]LogModuleManager: Shutting down and abandoning module LevelEditor (91)
[2016.01.07-10.22.44:770][410]LogModuleManager: Shutting down and abandoning module DirectoryWatcher (90)
[2016.01.07-10.22.44:771][410]LogModuleManager: Shutting down and abandoning module AssetRegistry (89)
[2016.01.07-10.22.44:871][410]LogModuleManager: Shutting down and abandoning module ContentBrowser (88)
[2016.01.07-10.22.44:872][410]LogModuleManager: Shutting down and abandoning module Paper2DEditor (87)
[2016.01.07-10.22.44:872][410]LogModuleManager: Shutting down and abandoning module UdpMessaging (86)
[2016.01.07-10.22.44:972][410]LogModuleManager: Shutting down and abandoning module LightPropagationVolumeRuntime (85)
[2016.01.07-10.22.44:972][410]LogModuleManager: Shutting down and abandoning module Paper2D (84)
[2016.01.07-10.22.44:972][410]LogModuleManager: Shutting down and abandoning module WindowsMoviePlayer (83)
[2016.01.07-10.22.44:978][410]LogModuleManager: Shutting down and abandoning module Media (82)
[2016.01.07-10.22.44:978][410]LogModuleManager: Shutting down and abandoning module WmfMedia (81)
[2016.01.07-10.22.44:979][410]LogModuleManager: Shutting down and abandoning module OnlineBlueprintSupport (80)
[2016.01.07-10.22.44:979][410]LogModuleManager: Shutting down and abandoning module GameplayTasksEditor (79)
[2016.01.07-10.22.44:979][410]LogModuleManager: Shutting down and abandoning module PropertyEditor (78)
[2016.01.07-10.22.44:979][410]LogModuleManager: Shutting down and abandoning module BehaviorTreeEditor (77)
[2016.01.07-10.22.44:979][410]LogModuleManager: Shutting down and abandoning module FunctionalTesting (76)
[2016.01.07-10.22.44:979][410]LogModuleManager: Shutting down and abandoning module CollisionAnalyzer (75)
[2016.01.07-10.22.44:979][410]LogModuleManager: Shutting down and abandoning module WorkspaceMenuStructure (74)
[2016.01.07-10.22.44:979][410]LogModuleManager: Shutting down and abandoning module MessageLog (73)
[2016.01.07-10.22.44:979][410]LogModuleManager: Shutting down and abandoning module Sequencer (72)
[2016.01.07-10.22.44:979][410]LogModuleManager: Shutting down and abandoning module AssetTools (71)
[2016.01.07-10.22.44:979][410]LogModuleManager: Shutting down and abandoning module UMGEditor (70)
[2016.01.07-10.22.44:979][410]LogModuleManager: Shutting down and abandoning module UMG (69)
[2016.01.07-10.22.44:979][410]LogModuleManager: Shutting down and abandoning module Slate (68)
[2016.01.07-10.22.44:979][410]LogModuleManager: Shutting down and abandoning module EditorStyle (67)
[2016.01.07-10.22.44:981][410]LogModuleManager: Shutting down and abandoning module SessionServices (66)
[2016.01.07-10.22.44:981][410]LogModuleManager: Shutting down and abandoning module SourceCodeAccess (65)
[2016.01.07-10.22.44:981][410]LogModuleManager: Shutting down and abandoning module HeadMountedDisplay (64)
[2016.01.07-10.22.44:981][410]LogModuleManager: Shutting down and abandoning module XAudio2 (63)
[2016.01.07-10.22.44:981][410]LogModuleManager: Shutting down and abandoning module Networking (61)
[2016.01.07-10.22.44:981][410]LogModuleManager: Shutting down and abandoning module Core (60)
[2016.01.07-10.22.44:981][410]LogModuleManager: Shutting down and abandoning module KismetCompiler (59)
[2016.01.07-10.22.44:981][410]LogModuleManager: Shutting down and abandoning module PhysXFormats (58)
[2016.01.07-10.22.44:981][410]LogModuleManager: Shutting down and abandoning module MeshUtilities (57)
[2016.01.07-10.22.44:981][410]LogModuleManager: Shutting down and abandoning module DerivedDataCache (56)
[2016.01.07-10.22.45:054][410]LogDerivedDataCache: Shutdown
[2016.01.07-10.22.45:054][410]LogModuleManager: Shutting down and abandoning module ShaderFormatOpenGL (55)
[2016.01.07-10.22.45:054][410]LogModuleManager: Shutting down and abandoning module ShaderFormatD3D (54)
[2016.01.07-10.22.45:054][410]LogModuleManager: Shutting down and abandoning module MetalShaderFormat (53)
[2016.01.07-10.22.45:054][410]LogModuleManager: Shutting down and abandoning module TextureFormatUncompressed (52)
[2016.01.07-10.22.45:054][410]LogModuleManager: Shutting down and abandoning module TextureFormatPVR (51)
[2016.01.07-10.22.45:054][410]LogModuleManager: Shutting down and abandoning module TextureFormatIntelISPCTexComp (50)
[2016.01.07-10.22.45:054][410]LogModuleManager: Shutting down and abandoning module TextureFormatDXT (49)
[2016.01.07-10.22.45:054][410]LogModuleManager: Shutting down and abandoning module ImageWrapper (48)
[2016.01.07-10.22.45:054][410]LogModuleManager: Shutting down and abandoning module TextureFormatASTC (47)
[2016.01.07-10.22.45:054][410]LogModuleManager: Shutting down and abandoning module TextureFormatAndroid (46)
[2016.01.07-10.22.45:054][410]LogModuleManager: Shutting down and abandoning module AudioFormatOpus (45)
[2016.01.07-10.22.45:054][410]LogModuleManager: Shutting down and abandoning module AudioFormatOgg (44)
[2016.01.07-10.22.45:054][410]LogModuleManager: Shutting down and abandoning module AudioFormatADPCM (43)
[2016.01.07-10.22.45:054][410]LogModuleManager: Shutting down and abandoning module LinuxTargetPlatform (42)
[2016.01.07-10.22.45:054][410]LogModuleManager: Shutting down and abandoning module LinuxServerTargetPlatform (41)
[2016.01.07-10.22.45:054][410]LogModuleManager: Shutting down and abandoning module LinuxNoEditorTargetPlatform (40)
[2016.01.07-10.22.45:054][410]LogModuleManager: Shutting down and abandoning module Messaging (39)
[2016.01.07-10.22.45:054][410]LogModuleManager: Shutting down and abandoning module IOSTargetPlatform (38)
[2016.01.07-10.22.45:054][410]LogModuleManager: Shutting down and abandoning module HTML5TargetPlatform (37)
[2016.01.07-10.22.45:054][410]LogModuleManager: Shutting down and abandoning module Android_PVRTCTargetPlatform (36)
[2016.01.07-10.22.45:054][410]LogModuleManager: Shutting down and abandoning module Android_MultiTargetPlatform (35)
[2016.01.07-10.22.45:054][410]LogModuleManager: Shutting down and abandoning module Android_ETC2TargetPlatform (34)
[2016.01.07-10.22.45:054][410]LogModuleManager: Shutting down and abandoning module Android_ETC1TargetPlatform (33)
[2016.01.07-10.22.45:054][410]LogModuleManager: Shutting down and abandoning module Android_DXTTargetPlatform (32)
[2016.01.07-10.22.45:054][410]LogModuleManager: Shutting down and abandoning module Android_ATCTargetPlatform (31)
[2016.01.07-10.22.45:054][410]LogModuleManager: Shutting down and abandoning module Android_ASTCTargetPlatform (30)
[2016.01.07-10.22.45:054][410]LogModuleManager: Shutting down and abandoning module AndroidTargetPlatform (29)
[2016.01.07-10.22.45:054][410]LogModuleManager: Shutting down and abandoning module WindowsTargetPlatform (28)
[2016.01.07-10.22.45:054][410]LogModuleManager: Shutting down and abandoning module WindowsServerTargetPlatform (27)
[2016.01.07-10.22.45:054][410]LogModuleManager: Shutting down and abandoning module WindowsNoEditorTargetPlatform (26)
[2016.01.07-10.22.45:054][410]LogModuleManager: Shutting down and abandoning module WindowsClientTargetPlatform (25)
[2016.01.07-10.22.45:054][410]LogModuleManager: Shutting down and abandoning module AllDesktopTargetPlatform (24)
[2016.01.07-10.22.45:054][410]LogModuleManager: Shutting down and abandoning module TargetPlatform (23)
[2016.01.07-10.22.45:054][410]LogModuleManager: Shutting down and abandoning module InputCore (22)
[2016.01.07-10.22.45:054][410]LogModuleManager: Shutting down and abandoning module Settings (21)
[2016.01.07-10.22.45:055][410]LogModuleManager: Shutting down and abandoning module OnlineSubsystem (19)
[2016.01.07-10.22.45:055][410]LogModuleManager: Shutting down and abandoning module HTTP (18)
[2016.01.07-10.22.47:056][410]LogModuleManager: Shutting down and abandoning module XMPP (17)
[2016.01.07-10.22.47:056][410]LogModuleManager: Shutting down and abandoning module OculusRift (16)
[2016.01.07-10.22.47:056][410]LogModuleManager: Shutting down and abandoning module ExampleDeviceProfileSelector (15)
[2016.01.07-10.22.47:056][410]LogModuleManager: Shutting down and abandoning module TextureCompressor (14)
[2016.01.07-10.22.47:056][410]LogModuleManager: Shutting down and abandoning module ShaderCore (13)
[2016.01.07-10.22.47:056][410]LogModuleManager: Shutting down and abandoning module Landscape (12)
[2016.01.07-10.22.47:056][410]LogModuleManager: Shutting down and abandoning module SlateRHIRenderer (11)
[2016.01.07-10.22.47:058][410]LogModuleManager: Shutting down and abandoning module OpenGLDrv (10)
[2016.01.07-10.22.47:058][410]LogModuleManager: Shutting down and abandoning module D3D11RHI (9)
[2016.01.07-10.22.47:058][410]LogModuleManager: Shutting down and abandoning module AnimGraphRuntime (8)
[2016.01.07-10.22.47:058][410]LogModuleManager: Shutting down and abandoning module Renderer (7)
[2016.01.07-10.22.47:058][410]LogModuleManager: Shutting down and abandoning module Engine (6)
[2016.01.07-10.22.47:058][410]LogModuleManager: Shutting down and abandoning module CoreUObject (5)
[2016.01.07-10.22.47:058][410]LogModuleManager: Shutting down and abandoning module NetworkFile (4)
[2016.01.07-10.22.47:058][410]LogModuleManager: Shutting down and abandoning module StreamingFile (3)
[2016.01.07-10.22.47:058][410]LogModuleManager: Shutting down and abandoning module SandboxFile (2)
[2016.01.07-10.22.47:058][410]LogModuleManager: Shutting down and abandoning module PakFile (1)
[2016.01.07-10.22.47:060][410]LogExit: Exiting.
[2016.01.07-10.22.47:068][410]Log file closed, 01/07/16 19:22:47
